  [1m[35m (6.6ms)[0m  [1m[34mSELECT sqlite_version(*)[0m
  [1m[35m (2.3ms)[0m  [1m[34mSELECT sqlite_version(*)[0m
  [1m[35m (4.2ms)[0m  [1m[35mCREATE TABLE "schema_migrations" ("version" varchar NOT NULL PRIMARY KEY)[0m
  [1m[35m (4.8ms)[0m  [1m[35mCREATE TABLE "ar_internal_metadata" ("key" varchar NOT NULL PRIMARY KEY, "value" varchar, "created_at" datetime(6) NOT NULL, "updated_at" datetime(6) NOT NULL)[0m
  [1m[35m (0.3ms)[0m  [1m[34mSELECT "schema_migrations"."version" FROM "schema_migrations" ORDER BY "schema_migrations"."version" ASC[0m
  [1m[35m (0.9ms)[0m  [1m[34mSELECT sqlite_version(*)[0m
  [1m[35m (0.4ms)[0m  [1m[34mSELECT "schema_migrations"."version" FROM "schema_migrations" ORDER BY "schema_migrations"."version" ASC[0m
  [1m[35m (1.4ms)[0m  [1m[34mSELECT sqlite_version(*)[0m
  [1m[35m (0.3ms)[0m  [1m[34mSELECT "schema_migrations"."version" FROM "schema_migrations" ORDER BY "schema_migrations"."version" ASC[0m
  [1m[35m (2.2ms)[0m  [1m[34mSELECT sqlite_version(*)[0m
  [1m[35m (0.3ms)[0m  [1m[34mSELECT "schema_migrations"."version" FROM "schema_migrations" ORDER BY "schema_migrations"."version" ASC[0m
  [1m[35m (0.6ms)[0m  [1m[34mSELECT "schema_migrations"."version" FROM "schema_migrations" ORDER BY "schema_migrations"."version" ASC[0m
  [1m[35m (0.8ms)[0m  [1m[34mSELECT sqlite_version(*)[0m
  [1m[35m (0.3ms)[0m  [1m[34mSELECT "schema_migrations"."version" FROM "schema_migrations" ORDER BY "schema_migrations"."version" ASC[0m
Migrating to CreatePosts (20210121021017)
  [1m[36mTRANSACTION (0.1ms)[0m  [1m[36mbegin transaction[0m
  [1m[35m (1.9ms)[0m  [1m[35mCREATE TABLE "posts" ("id" integer PRIMARY KEY AUTOINCREMENT NOT NULL, "title" varchar, "body" text, "created_at" datetime(6) NOT NULL, "updated_at" datetime(6) NOT NULL)[0m
  [1m[36mActiveRecord::SchemaMigration Create (0.5ms)[0m  [1m[32mINSERT INTO "schema_migrations" ("version") VALUES (?)[0m  [["version", "20210121021017"]]
  [1m[36mTRANSACTION (4.9ms)[0m  [1m[36mcommit transaction[0m
  [1m[36mActiveRecord::InternalMetadata Load (0.8ms)[0m  [1m[34mSELECT "ar_internal_metadata".* FROM "ar_internal_metadata" WHERE "ar_internal_metadata"."key" = ? LIMIT ?[0m  [["key", "environment"], ["LIMIT", 1]]
  [1m[36mTRANSACTION (0.1ms)[0m  [1m[36mbegin transaction[0m
  [1m[36mActiveRecord::InternalMetadata Create (6.9ms)[0m  [1m[32mINSERT INTO "ar_internal_metadata" ("key", "value", "created_at", "updated_at") VALUES (?, ?, ?, ?)[0m  [["key", "environment"], ["value", "development"], ["created_at", "2021-01-21 02:10:29.614950"], ["updated_at", "2021-01-21 02:10:29.614950"]]
  [1m[36mTRANSACTION (3.8ms)[0m  [1m[36mcommit transaction[0m
  [1m[35m (0.2ms)[0m  [1m[34mSELECT sqlite_version(*)[0m
  [1m[35m (0.3ms)[0m  [1m[34mSELECT "schema_migrations"."version" FROM "schema_migrations" ORDER BY "schema_migrations"."version" ASC[0m
  [1m[35m (0.8ms)[0m  [1m[34mSELECT sqlite_version(*)[0m
  [1m[35m (0.2ms)[0m  [1m[34mSELECT "schema_migrations"."version" FROM "schema_migrations" ORDER BY "schema_migrations"."version" ASC[0m
  [1m[35m (0.1ms)[0m  [1m[34mSELECT sqlite_version(*)[0m
  [1m[36mTRANSACTION (0.1ms)[0m  [1m[36mbegin transaction[0m
  [1m[36mPost Create (1.5ms)[0m  [1m[32mINSERT INTO "posts" ("title", "body", "created_at", "updated_at") VALUES (?, ?, ?, ?)[0m  [["title", "title 0"], ["body", "body 0"], ["created_at", "2021-01-21 02:10:42.610942"], ["updated_at", "2021-01-21 02:10:42.610942"]]
  [1m[36mTRANSACTION (3.6ms)[0m  [1m[36mcommit transaction[0m
  [1m[36mTRANSACTION (0.1ms)[0m  [1m[36mbegin transaction[0m
  [1m[36mPost Create (1.3ms)[0m  [1m[32mINSERT INTO "posts" ("title", "body", "created_at", "updated_at") VALUES (?, ?, ?, ?)[0m  [["title", "title 1"], ["body", "body 1"], ["created_at", "2021-01-21 02:10:42.620882"], ["updated_at", "2021-01-21 02:10:42.620882"]]
  [1m[36mTRANSACTION (3.5ms)[0m  [1m[36mcommit transaction[0m
  [1m[36mTRANSACTION (0.1ms)[0m  [1m[36mbegin transaction[0m
  [1m[36mPost Create (1.9ms)[0m  [1m[32mINSERT INTO "posts" ("title", "body", "created_at", "updated_at") VALUES (?, ?, ?, ?)[0m  [["title", "title 2"], ["body", "body 2"], ["created_at", "2021-01-21 02:10:42.631079"], ["updated_at", "2021-01-21 02:10:42.631079"]]
  [1m[36mTRANSACTION (3.3ms)[0m  [1m[36mcommit transaction[0m
  [1m[36mTRANSACTION (0.1ms)[0m  [1m[36mbegin transaction[0m
  [1m[36mPost Create (1.4ms)[0m  [1m[32mINSERT INTO "posts" ("title", "body", "created_at", "updated_at") VALUES (?, ?, ?, ?)[0m  [["title", "title 3"], ["body", "body 3"], ["created_at", "2021-01-21 02:10:42.641763"], ["updated_at", "2021-01-21 02:10:42.641763"]]
  [1m[36mTRANSACTION (4.7ms)[0m  [1m[36mcommit transaction[0m
  [1m[36mTRANSACTION (0.1ms)[0m  [1m[36mbegin transaction[0m
  [1m[36mPost Create (2.4ms)[0m  [1m[32mINSERT INTO "posts" ("title", "body", "created_at", "updated_at") VALUES (?, ?, ?, ?)[0m  [["title", "title 4"], ["body", "body 4"], ["created_at", "2021-01-21 02:10:42.656833"], ["updated_at", "2021-01-21 02:10:42.656833"]]
  [1m[36mTRANSACTION (2.8ms)[0m  [1m[36mcommit transaction[0m
Started GET "/posts" for ::1 at 2021-01-21 11:18:54 +0900
  [1m[35m (0.7ms)[0m  [1m[34mSELECT sqlite_version(*)[0m
  [1m[35m (1.7ms)[0m  [1m[34mSELECT "schema_migrations"."version" FROM "schema_migrations" ORDER BY "schema_migrations"."version" ASC[0m
Processing by PostsController#index as HTML
  Rendering layout layouts/application.html.erb
  Rendering posts/index.html.erb within layouts/application
  [1m[36mPost Load (0.6ms)[0m  [1m[34mSELECT "posts".* FROM "posts" ORDER BY "posts"."created_at" DESC[0m
  ↳ app/views/posts/index.html.erb:3
  Rendered posts/index.html.erb within layouts/application (Duration: 25.9ms | Allocations: 3659)
[Webpacker] Compiling...
Started GET "/posts" for ::1 at 2021-01-21 11:18:59 +0900
Processing by PostsController#index as HTML
  [1m[35m (0.2ms)[0m  [1m[34mSELECT sqlite_version(*)[0m
  ↳ app/controllers/posts_controller.rb:3:in `index'
  Rendering layout layouts/application.html.erb
  Rendering posts/index.html.erb within layouts/application
  [1m[36mPost Load (0.6ms)[0m  [1m[34mSELECT "posts".* FROM "posts" ORDER BY "posts"."created_at" DESC[0m
  ↳ app/views/posts/index.html.erb:3
  Rendered posts/index.html.erb within layouts/application (Duration: 10.8ms | Allocations: 751)
[Webpacker] Compiling...
[Webpacker] Compiled all packs in C:/Users/User/portfolio/myblog/public/packs
[Webpacker] Hash: 415a948d492e21802f43
Version: webpack 4.46.0
Time: 4381ms
Built at: 2021-01-21 11:19:04
                                     Asset       Size       Chunks                         Chunk Names
    js/application-d5a3c3b4dce84b5eb605.js    125 KiB  application  [emitted] [immutable]  application
js/application-d5a3c3b4dce84b5eb605.js.map    139 KiB  application  [emitted] [dev]        application
                             manifest.json  364 bytes               [emitted]              
Entrypoint application = js/application-d5a3c3b4dce84b5eb605.js js/application-d5a3c3b4dce84b5eb605.js.map
[./app/javascript/channels sync recursive _channel\.js$] ./app/javascript/channels sync _channel\.js$ 160 bytes {application} [built]
[./app/javascript/channels/index.js] 211 bytes {application} [built]
[./app/javascript/packs/application.js] 492 bytes {application} [built]
[./node_modules/webpack/buildin/module.js] (webpack)/buildin/module.js 552 bytes {application} [built]
    + 3 hidden modules

  Rendered layout layouts/application.html.erb (Duration: 9331.4ms | Allocations: 31262)
Completed 200 OK in 9441ms (Views: 9365.8ms | ActiveRecord: 2.2ms | Allocations: 35771)


[Webpacker] Compiled all packs in C:/Users/User/portfolio/myblog/public/packs
[Webpacker] Hash: 415a948d492e21802f43
Version: webpack 4.46.0
Time: 1647ms
Built at: 2021-01-21 11:19:06
                                     Asset       Size       Chunks                         Chunk Names
    js/application-d5a3c3b4dce84b5eb605.js    125 KiB  application  [emitted] [immutable]  application
js/application-d5a3c3b4dce84b5eb605.js.map    139 KiB  application  [emitted] [dev]        application
                             manifest.json  364 bytes               [emitted]              
Entrypoint application = js/application-d5a3c3b4dce84b5eb605.js js/application-d5a3c3b4dce84b5eb605.js.map
[./app/javascript/channels sync recursive _channel\.js$] ./app/javascript/channels sync _channel\.js$ 160 bytes {application} [built]
[./app/javascript/channels/index.js] 211 bytes {application} [built]
[./app/javascript/packs/application.js] 492 bytes {application} [built]
[./node_modules/webpack/buildin/module.js] (webpack)/buildin/module.js 552 bytes {application} [built]
    + 3 hidden modules

  Rendered layout layouts/application.html.erb (Duration: 7404.0ms | Allocations: 8825)
Completed 200 OK in 7430ms (Views: 7416.0ms | ActiveRecord: 1.6ms | Allocations: 9796)


Started GET "/" for ::1 at 2021-01-21 11:20:13 +0900
Processing by PostsController#index as HTML
  [1m[35m (0.1ms)[0m  [1m[34mSELECT sqlite_version(*)[0m
  ↳ app/controllers/posts_controller.rb:3:in `index'
  Rendering layout layouts/application.html.erb
  Rendering posts/index.html.erb within layouts/application
  [1m[36mPost Load (0.4ms)[0m  [1m[34mSELECT "posts".* FROM "posts" ORDER BY "posts"."created_at" DESC[0m
  ↳ app/views/posts/index.html.erb:3
  Rendered posts/index.html.erb within layouts/application (Duration: 13.0ms | Allocations: 2664)
[Webpacker] Everything's up-to-date. Nothing to do
  Rendered layout layouts/application.html.erb (Duration: 60.0ms | Allocations: 6609)
Completed 200 OK in 78ms (Views: 58.7ms | ActiveRecord: 5.7ms | Allocations: 8481)


Started GET "/" for ::1 at 2021-01-21 15:02:50 +0900
  [1m[35m (0.9ms)[0m  [1m[34mSELECT sqlite_version(*)[0m
  [1m[35m (0.3ms)[0m  [1m[34mSELECT "schema_migrations"."version" FROM "schema_migrations" ORDER BY "schema_migrations"."version" ASC[0m
Processing by PostsController#index as HTML
  Rendering layout layouts/application.html.erb
  Rendering posts/index.html.erb within layouts/application
  [1m[36mPost Load (0.4ms)[0m  [1m[34mSELECT "posts".* FROM "posts" ORDER BY "posts"."created_at" DESC[0m
  ↳ app/views/posts/index.html.erb:3
  Rendered posts/index.html.erb within layouts/application (Duration: 12.4ms | Allocations: 3533)
[Webpacker] Everything's up-to-date. Nothing to do
  Rendered layout layouts/application.html.erb (Duration: 329.5ms | Allocations: 17632)
Completed 200 OK in 374ms (Views: 347.7ms | ActiveRecord: 1.8ms | Allocations: 20974)


Started GET "/" for ::1 at 2021-01-21 15:02:53 +0900
Processing by PostsController#index as HTML
  Rendering layout layouts/application.html.erb
  Rendering posts/index.html.erb within layouts/application
  [1m[36mPost Load (1.3ms)[0m  [1m[34mSELECT "posts".* FROM "posts" ORDER BY "posts"."created_at" DESC[0m
  ↳ app/views/posts/index.html.erb:3
  Rendered posts/index.html.erb within layouts/application (Duration: 17.2ms | Allocations: 741)
[Webpacker] Everything's up-to-date. Nothing to do
  Rendered layout layouts/application.html.erb (Duration: 152.7ms | Allocations: 4701)
Completed 200 OK in 156ms (Views: 153.7ms | ActiveRecord: 1.3ms | Allocations: 5126)


Started GET "/" for ::1 at 2021-01-21 15:04:06 +0900
Processing by PostsController#index as HTML
  Rendering layout layouts/application.html.erb
  Rendering posts/index.html.erb within layouts/application
  [1m[36mPost Load (0.3ms)[0m  [1m[34mSELECT "posts".* FROM "posts" ORDER BY "posts"."created_at" DESC[0m
  ↳ app/views/posts/index.html.erb:3
  Rendered posts/index.html.erb within layouts/application (Duration: 4.4ms | Allocations: 733)
[Webpacker] Everything's up-to-date. Nothing to do
  Rendered layout layouts/application.html.erb (Duration: 128.8ms | Allocations: 8874)
Completed 200 OK in 138ms (Views: 137.0ms | ActiveRecord: 0.3ms | Allocations: 9287)


Started GET "/" for ::1 at 2021-01-21 15:06:04 +0900
Processing by PostsController#index as HTML
  [1m[35m (0.2ms)[0m  [1m[34mSELECT sqlite_version(*)[0m
  ↳ app/controllers/posts_controller.rb:3:in `index'
  Rendering layout layouts/application.html.erb
  Rendering posts/index.html.erb within layouts/application
  [1m[36mPost Load (0.5ms)[0m  [1m[34mSELECT "posts".* FROM "posts" ORDER BY "posts"."created_at" DESC[0m
  ↳ app/views/posts/index.html.erb:3
  Rendered posts/index.html.erb within layouts/application (Duration: 17.4ms | Allocations: 2892)
[Webpacker] Everything's up-to-date. Nothing to do
  Rendered layout layouts/application.html.erb (Duration: 86.3ms | Allocations: 7004)
Completed 200 OK in 119ms (Views: 96.9ms | ActiveRecord: 4.0ms | Allocations: 9479)


Started GET "/" for ::1 at 2021-01-21 15:08:57 +0900
Processing by PostsController#index as HTML
  [1m[35m (0.1ms)[0m  [1m[34mSELECT sqlite_version(*)[0m
  ↳ app/controllers/posts_controller.rb:3:in `index'
  Rendering layout layouts/application.html.erb
  Rendering posts/index.html.erb within layouts/application
  [1m[36mPost Load (0.4ms)[0m  [1m[34mSELECT "posts".* FROM "posts" ORDER BY "posts"."created_at" DESC[0m
  ↳ app/views/posts/index.html.erb:3
  Rendered posts/index.html.erb within layouts/application (Duration: 19.4ms | Allocations: 2899)
[Webpacker] Everything's up-to-date. Nothing to do
  Rendered layout layouts/application.html.erb (Duration: 70.4ms | Allocations: 7015)
Completed 200 OK in 113ms (Views: 83.6ms | ActiveRecord: 3.1ms | Allocations: 9482)


Started GET "/posts/5" for ::1 at 2021-01-21 15:08:59 +0900
Processing by PostsController#show as HTML
  Parameters: {"id"=>"5"}
  [1m[36mPost Load (0.8ms)[0m  [1m[34mSELECT "posts".* FROM "posts" WHERE "posts"."id" = ? LIMIT ?[0m  [["id", 5], ["LIMIT", 1]]
  ↳ app/controllers/posts_controller.rb:7:in `show'
  Rendering layout layouts/application.html.erb
  Rendering posts/show.html.erb within layouts/application
  Rendered posts/show.html.erb within layouts/application (Duration: 0.9ms | Allocations: 139)
[Webpacker] Everything's up-to-date. Nothing to do
  Rendered layout layouts/application.html.erb (Duration: 72.1ms | Allocations: 4125)
Completed 200 OK in 92ms (Views: 74.2ms | ActiveRecord: 0.8ms | Allocations: 5576)


Started GET "/posts/4" for ::1 at 2021-01-21 15:09:04 +0900
Processing by PostsController#show as HTML
  Parameters: {"id"=>"4"}
  [1m[36mPost Load (0.3ms)[0m  [1m[34mSELECT "posts".* FROM "posts" WHERE "posts"."id" = ? LIMIT ?[0m  [["id", 4], ["LIMIT", 1]]
  ↳ app/controllers/posts_controller.rb:7:in `show'
  Rendering layout layouts/application.html.erb
  Rendering posts/show.html.erb within layouts/application
  Rendered posts/show.html.erb within layouts/application (Duration: 0.2ms | Allocations: 41)
[Webpacker] Everything's up-to-date. Nothing to do
  Rendered layout layouts/application.html.erb (Duration: 50.7ms | Allocations: 4000)
Completed 200 OK in 75ms (Views: 52.9ms | ActiveRecord: 0.3ms | Allocations: 4935)


Started GET "/" for ::1 at 2021-01-21 15:15:06 +0900
Processing by PostsController#index as HTML
  [1m[35m (0.1ms)[0m  [1m[34mSELECT sqlite_version(*)[0m
  ↳ app/controllers/posts_controller.rb:3:in `index'
  Rendering layout layouts/application.html.erb
  Rendering posts/index.html.erb within layouts/application
  [1m[36mPost Load (0.5ms)[0m  [1m[34mSELECT "posts".* FROM "posts" ORDER BY "posts"."created_at" DESC[0m
  ↳ app/views/posts/index.html.erb:3
  Rendered posts/index.html.erb within layouts/application (Duration: 9.5ms | Allocations: 981)
[Webpacker] Everything's up-to-date. Nothing to do
  Rendered layout layouts/application.html.erb (Duration: 153.7ms | Allocations: 11738)
Completed 200 OK in 172ms (Views: 163.4ms | ActiveRecord: 1.1ms | Allocations: 13471)


Started GET "/" for ::1 at 2021-01-21 15:16:35 +0900
Processing by PostsController#index as HTML
  Rendering layout layouts/application.html.erb
  Rendering posts/index.html.erb within layouts/application
  [1m[36mPost Load (0.4ms)[0m  [1m[34mSELECT "posts".* FROM "posts" ORDER BY "posts"."created_at" DESC[0m
  ↳ app/views/posts/index.html.erb:3
  Rendered posts/index.html.erb within layouts/application (Duration: 15.0ms | Allocations: 963)
[Webpacker] Everything's up-to-date. Nothing to do
  Rendered layout layouts/application.html.erb (Duration: 171.1ms | Allocations: 11323)
Completed 200 OK in 199ms (Views: 194.8ms | ActiveRecord: 0.4ms | Allocations: 12443)


Started GET "/" for ::1 at 2021-01-21 15:17:57 +0900
Processing by PostsController#index as HTML
  Rendering layout layouts/application.html.erb
  Rendering posts/index.html.erb within layouts/application
  [1m[36mPost Load (0.4ms)[0m  [1m[34mSELECT "posts".* FROM "posts" ORDER BY "posts"."created_at" DESC[0m
  ↳ app/views/posts/index.html.erb:3
  Rendered posts/index.html.erb within layouts/application (Duration: 24.9ms | Allocations: 964)
  Rendered layout layouts/application.html.erb (Duration: 144.0ms | Allocations: 6321)
Completed 500 Internal Server Error in 169ms (ActiveRecord: 0.4ms | Allocations: 7425)


  
ActionView::SyntaxErrorInTemplate (Encountered a syntax error while rendering template: check <!DOCTYPE html>
<html>
  <head>
    <title>Myblog</title>
    <meta name="viewport" content="width=device-width,initial-scale=1">
    <%= csrf_meta_tags %>
    <%= csp_meta_tag %>

    <%= stylesheet_link_tag 'application', media: 'all', 'data-turbolinks-track': 'reload' %>
    <%= javascript_pack_tag 'application', 'data-turbolinks-track': 'reload' %>
  </head>

  <body>
    <div class="container">
    <h1><%= link_to image_tag ('logo.png',class: 'logo'),root_path  %></h1>
      <%= yield %>
    </div>
  </body>
</html>

):
1:    <!DOCTYPE html>
2:    <html>
3:      <head>
4:        <title>Myblog</title>
5:        <meta name="viewport" content="width=device-width,initial-scale=1">
6:        <%= csrf_meta_tags %>
7:        <%= csp_meta_tag %>
8:    
9:        <%= stylesheet_link_tag 'application', media: 'all', 'data-turbolinks-track': 'reload' %>
10:        <%= javascript_pack_tag 'application', 'data-turbolinks-track': 'reload' %>
11:      </head>
12:    
13:      <body>
14:        <div class="container">
15:        <h1><%= link_to image_tag ('logo.png',class: 'logo'),root_path  %></h1>
16:          <%= yield %>
17:        </div>
18:      </body>
19:    </html>
  
app/views/layouts/application.html.erb:15: syntax error, unexpected ',', expecting ')'
app/views/layouts/application.html.erb:15: syntax error, unexpected ')', expecting `end'
app/views/layouts/application.html.erb:15: syntax error, unexpected ',', expecting ')'
app/views/layouts/application.html.erb:15: syntax error, unexpected ')', expecting `end'
app/views/layouts/application.html.erb:15: syntax error, unexpected ',', expecting ')'
app/views/layouts/application.html.erb:15: syntax error, unexpected ')', expecting `end'
app/views/layouts/application.html.erb:15: syntax error, unexpected ',', expecting ')'
app/views/layouts/application.html.erb:15: syntax error, unexpected ')', expecting `end'
app/views/layouts/application.html.erb:15: syntax error, unexpected ',', expecting ')'
app/views/layouts/application.html.erb:15: syntax error, unexpected ')', expecting `end'
app/views/layouts/application.html.erb:15: syntax error, unexpected ',', expecting ')'
app/views/layouts/application.html.erb:15: syntax error, unexpected ')', expecting `end'
Started GET "/" for ::1 at 2021-01-21 15:19:37 +0900
Processing by PostsController#index as HTML
  Rendering layout layouts/application.html.erb
  Rendering posts/index.html.erb within layouts/application
  [1m[36mPost Load (0.4ms)[0m  [1m[34mSELECT "posts".* FROM "posts" ORDER BY "posts"."created_at" DESC[0m
  ↳ app/views/posts/index.html.erb:3
  Rendered posts/index.html.erb within layouts/application (Duration: 9.4ms | Allocations: 848)
  Rendered layout layouts/application.html.erb (Duration: 19.4ms | Allocations: 2022)
Completed 500 Internal Server Error in 36ms (ActiveRecord: 0.4ms | Allocations: 2440)


  
ActionView::SyntaxErrorInTemplate (Encountered a syntax error while rendering template: check <!DOCTYPE html>
<html>
  <head>
    <title>Myblog</title>
    <meta name="viewport" content="width=device-width,initial-scale=1">
    <%= csrf_meta_tags %>
    <%= csp_meta_tag %>

    <%= stylesheet_link_tag 'application', media: 'all', 'data-turbolinks-track': 'reload' %>
    <%= javascript_pack_tag 'application', 'data-turbolinks-track': 'reload' %>
  </head>

  <body>
    <div class="container">
    <h1><%= link_to image_tag ('logo.png',class: 'logo'),root_path  %></h1>
      <%= yield %>
    </div>
  </body>
</html>

):
1:    <!DOCTYPE html>
2:    <html>
3:      <head>
4:        <title>Myblog</title>
5:        <meta name="viewport" content="width=device-width,initial-scale=1">
6:        <%= csrf_meta_tags %>
7:        <%= csp_meta_tag %>
8:    
9:        <%= stylesheet_link_tag 'application', media: 'all', 'data-turbolinks-track': 'reload' %>
10:        <%= javascript_pack_tag 'application', 'data-turbolinks-track': 'reload' %>
11:      </head>
12:    
13:      <body>
14:        <div class="container">
15:        <h1><%= link_to image_tag ('logo.png',class: 'logo'),root_path  %></h1>
16:          <%= yield %>
17:        </div>
18:      </body>
19:    </html>
  
app/views/layouts/application.html.erb:15: syntax error, unexpected ',', expecting ')'
app/views/layouts/application.html.erb:15: syntax error, unexpected ')', expecting `end'
app/views/layouts/application.html.erb:15: syntax error, unexpected ',', expecting ')'
app/views/layouts/application.html.erb:15: syntax error, unexpected ')', expecting `end'
app/views/layouts/application.html.erb:15: syntax error, unexpected ',', expecting ')'
app/views/layouts/application.html.erb:15: syntax error, unexpected ')', expecting `end'
app/views/layouts/application.html.erb:15: syntax error, unexpected ',', expecting ')'
app/views/layouts/application.html.erb:15: syntax error, unexpected ')', expecting `end'
app/views/layouts/application.html.erb:15: syntax error, unexpected ',', expecting ')'
app/views/layouts/application.html.erb:15: syntax error, unexpected ')', expecting `end'
app/views/layouts/application.html.erb:15: syntax error, unexpected ',', expecting ')'
app/views/layouts/application.html.erb:15: syntax error, unexpected ')', expecting `end'
Started GET "/" for ::1 at 2021-01-21 15:20:42 +0900
Processing by PostsController#index as HTML
  Rendering layout layouts/application.html.erb
  Rendering posts/index.html.erb within layouts/application
  [1m[36mPost Load (0.4ms)[0m  [1m[34mSELECT "posts".* FROM "posts" ORDER BY "posts"."created_at" DESC[0m
  ↳ app/views/posts/index.html.erb:3
  Rendered posts/index.html.erb within layouts/application (Duration: 19.0ms | Allocations: 963)
  Rendered layout layouts/application.html.erb (Duration: 34.6ms | Allocations: 2147)
Completed 500 Internal Server Error in 55ms (ActiveRecord: 0.4ms | Allocations: 3256)


  
ActionView::SyntaxErrorInTemplate (Encountered a syntax error while rendering template: check <!DOCTYPE html>
<html>
  <head>
    <title>Myblog</title>
    <meta name="viewport" content="width=device-width,initial-scale=1">
    <%= csrf_meta_tags %>
    <%= csp_meta_tag %>

    <%= stylesheet_link_tag 'application', media: 'all', 'data-turbolinks-track': 'reload' %>
    <%= javascript_pack_tag 'application', 'data-turbolinks-track': 'reload' %>
  </head>

  <body>
    <div class="container">
    <h1><%= link_to image_tag ('logo.png', class: 'logo'), root_path %></h1>
      <%= yield %>
    </div>
  </body>
</html>

):
1:    <!DOCTYPE html>
2:    <html>
3:      <head>
4:        <title>Myblog</title>
5:        <meta name="viewport" content="width=device-width,initial-scale=1">
6:        <%= csrf_meta_tags %>
7:        <%= csp_meta_tag %>
8:    
9:        <%= stylesheet_link_tag 'application', media: 'all', 'data-turbolinks-track': 'reload' %>
10:        <%= javascript_pack_tag 'application', 'data-turbolinks-track': 'reload' %>
11:      </head>
12:    
13:      <body>
14:        <div class="container">
15:        <h1><%= link_to image_tag ('logo.png', class: 'logo'), root_path %></h1>
16:          <%= yield %>
17:        </div>
18:      </body>
19:    </html>
  
app/views/layouts/application.html.erb:15: syntax error, unexpected ',', expecting ')'
app/views/layouts/application.html.erb:15: syntax error, unexpected ')', expecting `end'
app/views/layouts/application.html.erb:15: syntax error, unexpected ',', expecting ')'
app/views/layouts/application.html.erb:15: syntax error, unexpected ')', expecting `end'
app/views/layouts/application.html.erb:15: syntax error, unexpected ',', expecting ')'
app/views/layouts/application.html.erb:15: syntax error, unexpected ')', expecting `end'
app/views/layouts/application.html.erb:15: syntax error, unexpected ',', expecting ')'
app/views/layouts/application.html.erb:15: syntax error, unexpected ')', expecting `end'
app/views/layouts/application.html.erb:15: syntax error, unexpected ',', expecting ')'
app/views/layouts/application.html.erb:15: syntax error, unexpected ')', expecting `end'
app/views/layouts/application.html.erb:15: syntax error, unexpected ',', expecting ')'
app/views/layouts/application.html.erb:15: syntax error, unexpected ')', expecting `end'
Started GET "/" for ::1 at 2021-01-21 15:22:42 +0900
Processing by PostsController#index as HTML
  Rendering layout layouts/application.html.erb
  Rendering posts/index.html.erb within layouts/application
  [1m[36mPost Load (0.8ms)[0m  [1m[34mSELECT "posts".* FROM "posts" ORDER BY "posts"."created_at" DESC[0m
  ↳ app/views/posts/index.html.erb:3
  Rendered posts/index.html.erb within layouts/application (Duration: 16.4ms | Allocations: 962)
  Rendered layout layouts/application.html.erb (Duration: 18.9ms | Allocations: 2146)
Completed 500 Internal Server Error in 49ms (ActiveRecord: 0.8ms | Allocations: 3245)


  
ActionView::SyntaxErrorInTemplate (Encountered a syntax error while rendering template: check <!DOCTYPE html>
<html>
  <head>
    <title>Myblog</title>
    <meta name="viewport" content="width=device-width,initial-scale=1">
    <%= csrf_meta_tags %>
    <%= csp_meta_tag %>

    <%= stylesheet_link_tag 'application', media: 'all', 'data-turbolinks-track': 'reload' %>
    <%= javascript_pack_tag 'application', 'data-turbolinks-track': 'reload' %>
  </head>

  <body>
    <div class="container">
    <h1><%= link_to (image_tag ('logo.png', class: 'logo'), root_path) %></h1>
      <%= yield %>
    </div>
  </body>
</html>

):
1:    <!DOCTYPE html>
2:    <html>
3:      <head>
4:        <title>Myblog</title>
5:        <meta name="viewport" content="width=device-width,initial-scale=1">
6:        <%= csrf_meta_tags %>
7:        <%= csp_meta_tag %>
8:    
9:        <%= stylesheet_link_tag 'application', media: 'all', 'data-turbolinks-track': 'reload' %>
10:        <%= javascript_pack_tag 'application', 'data-turbolinks-track': 'reload' %>
11:      </head>
12:    
13:      <body>
14:        <div class="container">
15:        <h1><%= link_to (image_tag ('logo.png', class: 'logo'), root_path) %></h1>
16:          <%= yield %>
17:        </div>
18:      </body>
19:    </html>
  
app/views/layouts/application.html.erb:15: syntax error, unexpected ',', expecting ')'
app/views/layouts/application.html.erb:15: syntax error, unexpected ')', expecting `end'
app/views/layouts/application.html.erb:15: syntax error, unexpected ',', expecting ')'
app/views/layouts/application.html.erb:15: syntax error, unexpected ')', expecting `end'
app/views/layouts/application.html.erb:15: syntax error, unexpected ',', expecting ')'
app/views/layouts/application.html.erb:15: syntax error, unexpected ')', expecting `end'
app/views/layouts/application.html.erb:15: syntax error, unexpected ',', expecting ')'
app/views/layouts/application.html.erb:15: syntax error, unexpected ')', expecting `end'
app/views/layouts/application.html.erb:15: syntax error, unexpected ',', expecting ')'
app/views/layouts/application.html.erb:15: syntax error, unexpected ')', expecting `end'
app/views/layouts/application.html.erb:15: syntax error, unexpected ',', expecting ')'
app/views/layouts/application.html.erb:15: syntax error, unexpected ')', expecting `end'
Started GET "/" for ::1 at 2021-01-21 15:24:02 +0900
Processing by PostsController#index as HTML
  Rendering layout layouts/application.html.erb
  Rendering posts/index.html.erb within layouts/application
  [1m[36mPost Load (0.4ms)[0m  [1m[34mSELECT "posts".* FROM "posts" ORDER BY "posts"."created_at" DESC[0m
  ↳ app/views/posts/index.html.erb:3
  Rendered posts/index.html.erb within layouts/application (Duration: 16.7ms | Allocations: 962)
[Webpacker] Everything's up-to-date. Nothing to do
  Rendered layout layouts/application.html.erb (Duration: 74.7ms | Allocations: 5795)
Completed 200 OK in 95ms (Views: 91.1ms | ActiveRecord: 0.4ms | Allocations: 6920)


Started GET "/" for ::1 at 2021-01-21 15:24:36 +0900
Processing by PostsController#index as HTML
  Rendering layout layouts/application.html.erb
  Rendering posts/index.html.erb within layouts/application
  [1m[36mPost Load (0.4ms)[0m  [1m[34mSELECT "posts".* FROM "posts" ORDER BY "posts"."created_at" DESC[0m
  ↳ app/views/posts/index.html.erb:3
  Rendered posts/index.html.erb within layouts/application (Duration: 12.1ms | Allocations: 967)
[Webpacker] Everything's up-to-date. Nothing to do
  Rendered layout layouts/application.html.erb (Duration: 75.2ms | Allocations: 5774)
Completed 200 OK in 92ms (Views: 88.5ms | ActiveRecord: 0.4ms | Allocations: 6902)


Started GET "/" for ::1 at 2021-01-21 15:28:28 +0900
Processing by PostsController#index as HTML
  Rendering layout layouts/application.html.erb
  Rendering posts/index.html.erb within layouts/application
  [1m[36mPost Load (0.4ms)[0m  [1m[34mSELECT "posts".* FROM "posts" ORDER BY "posts"."created_at" DESC[0m
  ↳ app/views/posts/index.html.erb:6
  Rendered posts/index.html.erb within layouts/application (Duration: 27.7ms | Allocations: 1016)
[Webpacker] Everything's up-to-date. Nothing to do
  Rendered layout layouts/application.html.erb (Duration: 187.9ms | Allocations: 10038)
Completed 200 OK in 213ms (Views: 207.5ms | ActiveRecord: 0.4ms | Allocations: 11161)


Started GET "/" for ::1 at 2021-01-21 15:52:17 +0900
Processing by PostsController#index as HTML
  [1m[35m (0.1ms)[0m  [1m[34mSELECT sqlite_version(*)[0m
  ↳ app/controllers/posts_controller.rb:3:in `index'
  Rendering layout layouts/application.html.erb
  Rendering posts/index.html.erb within layouts/application
  [1m[36mPost Load (0.5ms)[0m  [1m[34mSELECT "posts".* FROM "posts" ORDER BY "posts"."created_at" DESC[0m
  ↳ app/views/posts/index.html.erb:6
  Rendered posts/index.html.erb within layouts/application (Duration: 12.7ms | Allocations: 2812)
[Webpacker] Everything's up-to-date. Nothing to do
  Rendered layout layouts/application.html.erb (Duration: 67.6ms | Allocations: 7591)
Completed 200 OK in 92ms (Views: 81.5ms | ActiveRecord: 1.4ms | Allocations: 9880)


Started GET "/posts/new" for ::1 at 2021-01-21 15:52:19 +0900
Processing by PostsController#new as HTML
  Rendering layout layouts/application.html.erb
  Rendering posts/new.html.erb within layouts/application
  Rendered posts/new.html.erb within layouts/application (Duration: 3.8ms | Allocations: 1972)
  Rendered layout layouts/application.html.erb (Duration: 5.6ms | Allocations: 2036)
Completed 500 Internal Server Error in 12ms (ActiveRecord: 0.0ms | Allocations: 2509)


  
ActionView::Template::Error (undefined method `text_feald' for #<ActionView::Helpers::FormBuilder:0x0000000009cba350>
Did you mean?  text_field):
    1: <h2>Add New Post</h2>
    2: <%= form_for :post,url:posts_path do |f| %>
    3:   <P>
    4:     <%= f.text_feald :title, placeholder: 'enter title' %>
    5:   </p>
    6:   <P>
    7:     <%= f.text_area :body, placeholder: 'enter body text' %>
  
app/views/posts/new.html.erb:4
app/views/posts/new.html.erb:2
Started GET "/posts/new" for ::1 at 2021-01-21 15:52:55 +0900
Processing by PostsController#new as HTML
  Rendering layout layouts/application.html.erb
  Rendering posts/new.html.erb within layouts/application
  Rendered posts/new.html.erb within layouts/application (Duration: 143.1ms | Allocations: 7043)
[Webpacker] Everything's up-to-date. Nothing to do
  Rendered layout layouts/application.html.erb (Duration: 195.2ms | Allocations: 11754)
Completed 200 OK in 210ms (Views: 204.2ms | ActiveRecord: 0.0ms | Allocations: 12839)


Started GET "/posts/new" for ::1 at 2021-01-21 15:55:10 +0900
Processing by PostsController#new as HTML
  Rendering layout layouts/application.html.erb
  Rendering posts/new.html.erb within layouts/application
  Rendered posts/new.html.erb within layouts/application (Duration: 1.2ms | Allocations: 324)
[Webpacker] Everything's up-to-date. Nothing to do
  Rendered layout layouts/application.html.erb (Duration: 126.6ms | Allocations: 10052)
Completed 200 OK in 132ms (Views: 130.8ms | ActiveRecord: 0.0ms | Allocations: 10426)


Started GET "/posts/new" for ::1 at 2021-01-21 16:00:37 +0900
Processing by PostsController#new as HTML
  Rendering layout layouts/application.html.erb
  Rendering posts/new.html.erb within layouts/application
  Rendered posts/new.html.erb within layouts/application (Duration: 1.4ms | Allocations: 331)
[Webpacker] Everything's up-to-date. Nothing to do
  Rendered layout layouts/application.html.erb (Duration: 48.7ms | Allocations: 4914)
Completed 200 OK in 54ms (Views: 53.4ms | Allocations: 5406)


Started GET "/posts/new" for ::1 at 2021-01-21 16:03:12 +0900
Processing by PostsController#new as HTML
  Rendering layout layouts/application.html.erb
  Rendering posts/new.html.erb within layouts/application
  Rendered posts/new.html.erb within layouts/application (Duration: 1.3ms | Allocations: 331)
[Webpacker] Everything's up-to-date. Nothing to do
  Rendered layout layouts/application.html.erb (Duration: 48.9ms | Allocations: 4914)
Completed 200 OK in 55ms (Views: 53.5ms | Allocations: 5406)


Started POST "/posts" for ::1 at 2021-01-21 16:03:17 +0900
Processing by PostsController#create as HTML
  Parameters: {"authenticity_token"=>"[FILTERED]", "post"=>{"title"=>"a", "body"=>"b"}, "commit"=>"Save Post"}
  [1m[35m (0.1ms)[0m  [1m[34mSELECT sqlite_version(*)[0m
  ↳ app/controllers/posts_controller.rb:14:in `create'
  [1m[36mTRANSACTION (0.1ms)[0m  [1m[36mbegin transaction[0m
  ↳ app/controllers/posts_controller.rb:15:in `create'
  [1m[36mPost Create (1.5ms)[0m  [1m[32mINSERT INTO "posts" ("title", "body", "created_at", "updated_at") VALUES (?, ?, ?, ?)[0m  [["title", "a"], ["body", "b"], ["created_at", "2021-01-21 07:03:18.090155"], ["updated_at", "2021-01-21 07:03:18.090155"]]
  ↳ app/controllers/posts_controller.rb:15:in `create'
  [1m[36mTRANSACTION (3.7ms)[0m  [1m[36mcommit transaction[0m
  ↳ app/controllers/posts_controller.rb:15:in `create'
Redirected to http://localhost:3000/posts
Completed 302 Found in 55ms (ActiveRecord: 6.0ms | Allocations: 5418)


Started GET "/posts" for ::1 at 2021-01-21 16:03:18 +0900
Processing by PostsController#index as HTML
  Rendering layout layouts/application.html.erb
  Rendering posts/index.html.erb within layouts/application
  [1m[36mPost Load (0.4ms)[0m  [1m[34mSELECT "posts".* FROM "posts" ORDER BY "posts"."created_at" DESC[0m
  ↳ app/views/posts/index.html.erb:6
  Rendered posts/index.html.erb within layouts/application (Duration: 9.7ms | Allocations: 1074)
[Webpacker] Everything's up-to-date. Nothing to do
  Rendered layout layouts/application.html.erb (Duration: 67.2ms | Allocations: 5688)
Completed 200 OK in 74ms (Views: 70.9ms | ActiveRecord: 0.4ms | Allocations: 6233)


Started GET "/posts/6" for ::1 at 2021-01-21 16:03:20 +0900
Processing by PostsController#show as HTML
  Parameters: {"id"=>"6"}
  [1m[36mPost Load (3.2ms)[0m  [1m[34mSELECT "posts".* FROM "posts" WHERE "posts"."id" = ? LIMIT ?[0m  [["id", 6], ["LIMIT", 1]]
  ↳ app/controllers/posts_controller.rb:7:in `show'
  Rendering layout layouts/application.html.erb
  Rendering posts/show.html.erb within layouts/application
  Rendered posts/show.html.erb within layouts/application (Duration: 0.6ms | Allocations: 140)
[Webpacker] Everything's up-to-date. Nothing to do
  Rendered layout layouts/application.html.erb (Duration: 55.9ms | Allocations: 4760)
Completed 200 OK in 73ms (Views: 57.1ms | ActiveRecord: 3.2ms | Allocations: 5919)


Started GET "/" for ::1 at 2021-01-22 10:21:09 +0900
  [1m[35m (1.7ms)[0m  [1m[34mSELECT sqlite_version(*)[0m
  [1m[35m (0.4ms)[0m  [1m[34mSELECT "schema_migrations"."version" FROM "schema_migrations" ORDER BY "schema_migrations"."version" ASC[0m
  
SyntaxError (C:/Users/User/portfolio/myblog/app/controllers/posts_controller.rb:29: syntax error, unexpected end-of-input, expecting `end'):
  
app/controllers/posts_controller.rb:29: syntax error, unexpected end-of-input, expecting `end'
app/controllers/posts_controller.rb:29: syntax error, unexpected end-of-input, expecting `end'
app/controllers/posts_controller.rb:29: syntax error, unexpected end-of-input, expecting `end'
Started GET "/" for ::1 at 2021-01-22 10:21:23 +0900
Processing by PostsController#index as HTML
Completed 500 Internal Server Error in 9ms (Allocations: 1909)


  
SyntaxError (C:/Users/User/portfolio/myblog/app/models/post.rb:2: syntax error, unexpected ':', expecting '}'
... presence:true, length {minmum: 3, messege: 'Too short to po...
...                              ^
C:/Users/User/portfolio/myblog/app/models/post.rb:2: syntax error, unexpected '}', expecting `end'
...messege: 'Too short to post!' }
...                              ^
):
  
app/models/post.rb:2: syntax error, unexpected ':', expecting '}'
app/models/post.rb:2: syntax error, unexpected '}', expecting `end'
app/models/post.rb:2: syntax error, unexpected ':', expecting '}'
app/models/post.rb:2: syntax error, unexpected '}', expecting `end'
app/models/post.rb:2: syntax error, unexpected ':', expecting '}'
app/models/post.rb:2: syntax error, unexpected '}', expecting `end'
app/controllers/posts_controller.rb:3:in `index'
Started GET "/" for ::1 at 2021-01-22 10:23:08 +0900
Processing by PostsController#index as HTML
Completed 500 Internal Server Error in 19ms (Allocations: 4901)


  
NoMethodError (undefined method `validaites' for Post (call 'Post.connection' to establish a connection):Class
Did you mean?  validates
               validates!
               validate
               validators):
  
app/models/post.rb:2:in `<class:Post>'
app/models/post.rb:1:in `<main>'
app/controllers/posts_controller.rb:3:in `index'
Started GET "/" for ::1 at 2021-01-22 10:25:04 +0900
Processing by PostsController#index as HTML
Completed 500 Internal Server Error in 7ms (Allocations: 887)


  
ArgumentError (Range unspecified. Specify the :in, :within, :maximum, :minimum, or :is option.):
  
app/models/post.rb:2:in `<class:Post>'
app/models/post.rb:1:in `<main>'
app/controllers/posts_controller.rb:3:in `index'
Started GET "/" for ::1 at 2021-01-22 10:25:25 +0900
Processing by PostsController#index as HTML
  [1m[35m (0.2ms)[0m  [1m[34mSELECT sqlite_version(*)[0m
  ↳ app/controllers/posts_controller.rb:3:in `index'
  Rendering layout layouts/application.html.erb
  Rendering posts/index.html.erb within layouts/application
  [1m[36mPost Load (0.4ms)[0m  [1m[34mSELECT "posts".* FROM "posts" ORDER BY "posts"."created_at" DESC[0m
  ↳ app/views/posts/index.html.erb:6
  Rendered posts/index.html.erb within layouts/application (Duration: 14.2ms | Allocations: 3650)
[Webpacker] Everything's up-to-date. Nothing to do
  Rendered layout layouts/application.html.erb (Duration: 283.6ms | Allocations: 20472)
Completed 200 OK in 328ms (Views: 304.6ms | ActiveRecord: 2.9ms | Allocations: 23198)


Started GET "/posts/new" for ::1 at 2021-01-22 10:25:29 +0900
Processing by PostsController#new as HTML
  Rendering layout layouts/application.html.erb
  Rendering posts/new.html.erb within layouts/application
  Rendered posts/new.html.erb within layouts/application (Duration: 1.3ms | Allocations: 1218)
  Rendered layout layouts/application.html.erb (Duration: 3.3ms | Allocations: 1283)
Completed 500 Internal Server Error in 8ms (ActiveRecord: 0.0ms | Allocations: 1790)


  
ActionView::SyntaxErrorInTemplate (Encountered a syntax error while rendering template: check <h2>Add New Post</h2>
<%= form_for :post,url:posts_path do |f| %>
  <P>
    <%= f.text_field :title, placeholder: 'enter title' %>
    <% if @post.errors.messages[:title].any? %>
    <span class="error"><%= @post.errors.messages[:title][0] %></span>
  </p>
  <P>
    <%= f.text_area :body, placeholder: 'enter body text' %>
    <% if @post.errors.messages[:body].any? %>
    <span class="error"><%= @post.errors.messages[:body][0] %></span>
  </p>
  </p>
  <P>
    <%= f.submit %>
  </p>
<% end %>

):
1:    <h2>Add New Post</h2>
2:    <%= form_for :post,url:posts_path do |f| %>
3:      <P>
4:        <%= f.text_field :title, placeholder: 'enter title' %>
5:        <% if @post.errors.messages[:title].any? %>
6:        <span class="error"><%= @post.errors.messages[:title][0] %></span>
7:      </p>
8:      <P>
9:        <%= f.text_area :body, placeholder: 'enter body text' %>
10:        <% if @post.errors.messages[:body].any? %>
11:        <span class="error"><%= @post.errors.messages[:body][0] %></span>
12:      </p>
13:      </p>
14:      <P>
15:        <%= f.submit %>
16:      </p>
17:    <% end %>
  
app/views/posts/new.html.erb:19: syntax error, unexpected end-of-input, expecting `end'
app/views/posts/new.html.erb:19: syntax error, unexpected end-of-input, expecting `end'
app/views/posts/new.html.erb:19: syntax error, unexpected end-of-input, expecting `end'
app/views/posts/new.html.erb:19: syntax error, unexpected end-of-input, expecting `end'
app/views/posts/new.html.erb:19: syntax error, unexpected end-of-input, expecting `end'
app/views/posts/new.html.erb:19: syntax error, unexpected end-of-input, expecting `end'
Started GET "/posts/new" for ::1 at 2021-01-22 10:26:50 +0900
Processing by PostsController#new as HTML
  Rendering layout layouts/application.html.erb
  Rendering posts/new.html.erb within layouts/application
  Rendered posts/new.html.erb within layouts/application (Duration: 89.6ms | Allocations: 5667)
[Webpacker] Everything's up-to-date. Nothing to do
  Rendered layout layouts/application.html.erb (Duration: 139.0ms | Allocations: 10378)
Completed 200 OK in 152ms (Views: 149.4ms | ActiveRecord: 0.0ms | Allocations: 11477)


Started POST "/posts" for ::1 at 2021-01-22 10:26:53 +0900
Processing by PostsController#create as HTML
  Parameters: {"authenticity_token"=>"[FILTERED]", "post"=>{"title"=>"", "body"=>""}, "commit"=>"Save Post"}
  Rendering layout layouts/application.html.erb
  Rendering posts/new.html.erb within layouts/application
  Rendered posts/new.html.erb within layouts/application (Duration: 9.9ms | Allocations: 4623)
[Webpacker] Everything's up-to-date. Nothing to do
  Rendered layout layouts/application.html.erb (Duration: 59.6ms | Allocations: 9151)
Completed 200 OK in 74ms (Views: 72.6ms | ActiveRecord: 0.0ms | Allocations: 10286)


Started POST "/posts" for ::1 at 2021-01-22 10:26:58 +0900
Processing by PostsController#create as HTML
  Parameters: {"authenticity_token"=>"[FILTERED]", "post"=>{"title"=>"a", "body"=>""}, "commit"=>"Save Post"}
  Rendering layout layouts/application.html.erb
  Rendering posts/new.html.erb within layouts/application
  Rendered posts/new.html.erb within layouts/application (Duration: 5.1ms | Allocations: 3074)
[Webpacker] Everything's up-to-date. Nothing to do
  Rendered layout layouts/application.html.erb (Duration: 51.9ms | Allocations: 7602)
Completed 200 OK in 63ms (Views: 61.4ms | ActiveRecord: 0.0ms | Allocations: 8597)


Started POST "/posts" for ::1 at 2021-01-22 10:27:08 +0900
Processing by PostsController#create as HTML
  Parameters: {"authenticity_token"=>"[FILTERED]", "post"=>{"title"=>"abc", "body"=>"vvvv"}, "commit"=>"Save Post"}
  [1m[36mTRANSACTION (0.1ms)[0m  [1m[36mbegin transaction[0m
  ↳ app/controllers/posts_controller.rb:16:in `create'
  [1m[36mPost Create (1.9ms)[0m  [1m[32mINSERT INTO "posts" ("title", "body", "created_at", "updated_at") VALUES (?, ?, ?, ?)[0m  [["title", "abc"], ["body", "vvvv"], ["created_at", "2021-01-22 01:27:08.661382"], ["updated_at", "2021-01-22 01:27:08.661382"]]
  ↳ app/controllers/posts_controller.rb:16:in `create'
  [1m[36mTRANSACTION (5.0ms)[0m  [1m[36mcommit transaction[0m
  ↳ app/controllers/posts_controller.rb:16:in `create'
Redirected to http://localhost:3000/posts
Completed 302 Found in 20ms (ActiveRecord: 7.0ms | Allocations: 2479)


Started GET "/posts" for ::1 at 2021-01-22 10:27:08 +0900
Processing by PostsController#index as HTML
  Rendering layout layouts/application.html.erb
  Rendering posts/index.html.erb within layouts/application
  [1m[36mPost Load (0.3ms)[0m  [1m[34mSELECT "posts".* FROM "posts" ORDER BY "posts"."created_at" DESC[0m
  ↳ app/views/posts/index.html.erb:6
  Rendered posts/index.html.erb within layouts/application (Duration: 5.6ms | Allocations: 1077)
[Webpacker] Everything's up-to-date. Nothing to do
  Rendered layout layouts/application.html.erb (Duration: 51.6ms | Allocations: 5685)
Completed 200 OK in 62ms (Views: 59.2ms | ActiveRecord: 0.3ms | Allocations: 6225)


Started GET "/posts/7" for ::1 at 2021-01-22 10:27:11 +0900
Processing by PostsController#show as HTML
  Parameters: {"id"=>"7"}
  [1m[36mPost Load (0.4ms)[0m  [1m[34mSELECT "posts".* FROM "posts" WHERE "posts"."id" = ? LIMIT ?[0m  [["id", 7], ["LIMIT", 1]]
  ↳ app/controllers/posts_controller.rb:7:in `show'
  Rendering layout layouts/application.html.erb
  Rendering posts/show.html.erb within layouts/application
  Rendered posts/show.html.erb within layouts/application (Duration: 1.1ms | Allocations: 139)
[Webpacker] Everything's up-to-date. Nothing to do
  Rendered layout layouts/application.html.erb (Duration: 41.6ms | Allocations: 4762)
Completed 200 OK in 59ms (Views: 45.2ms | ActiveRecord: 0.4ms | Allocations: 6223)


Started GET "/posts/7" for ::1 at 2021-01-22 10:30:38 +0900
Processing by PostsController#show as HTML
  Parameters: {"id"=>"7"}
  [1m[35m (0.1ms)[0m  [1m[34mSELECT sqlite_version(*)[0m
  ↳ app/controllers/posts_controller.rb:7:in `show'
  [1m[36mPost Load (0.3ms)[0m  [1m[34mSELECT "posts".* FROM "posts" WHERE "posts"."id" = ? LIMIT ?[0m  [["id", 7], ["LIMIT", 1]]
  ↳ app/controllers/posts_controller.rb:7:in `show'
  Rendering layout layouts/application.html.erb
  Rendering posts/show.html.erb within layouts/application
  Rendered posts/show.html.erb within layouts/application (Duration: 0.9ms | Allocations: 138)
[Webpacker] Everything's up-to-date. Nothing to do
  Rendered layout layouts/application.html.erb (Duration: 119.7ms | Allocations: 10078)
Completed 200 OK in 187ms (Views: 143.5ms | ActiveRecord: 2.1ms | Allocations: 15224)


Started GET "/posts" for ::1 at 2021-01-22 10:30:41 +0900
Processing by PostsController#index as HTML
  Rendering layout layouts/application.html.erb
  Rendering posts/index.html.erb within layouts/application
  [1m[36mPost Load (0.4ms)[0m  [1m[34mSELECT "posts".* FROM "posts" ORDER BY "posts"."created_at" DESC[0m
  ↳ app/views/posts/index.html.erb:6
  Rendered posts/index.html.erb within layouts/application (Duration: 4.8ms | Allocations: 1305)
[Webpacker] Everything's up-to-date. Nothing to do
  Rendered layout layouts/application.html.erb (Duration: 166.0ms | Allocations: 5919)
Completed 200 OK in 194ms (Views: 190.6ms | ActiveRecord: 0.4ms | Allocations: 6488)


Started GET "/posts" for ::1 at 2021-01-22 10:39:31 +0900
Processing by PostsController#index as HTML
  [1m[35m (0.2ms)[0m  [1m[34mSELECT sqlite_version(*)[0m
  ↳ app/controllers/posts_controller.rb:3:in `index'
  Rendering layout layouts/application.html.erb
  Rendering posts/index.html.erb within layouts/application
  [1m[36mPost Load (0.4ms)[0m  [1m[34mSELECT "posts".* FROM "posts" ORDER BY "posts"."created_at" DESC[0m
  ↳ app/views/posts/index.html.erb:6
  Rendered posts/index.html.erb within layouts/application (Duration: 21.6ms | Allocations: 3042)
[Webpacker] Everything's up-to-date. Nothing to do
  Rendered layout layouts/application.html.erb (Duration: 80.0ms | Allocations: 7824)
Completed 200 OK in 107ms (Views: 89.3ms | ActiveRecord: 1.1ms | Allocations: 10199)


Started GET "/posts/7/edit" for ::1 at 2021-01-22 10:39:33 +0900
Processing by PostsController#edit as HTML
  Parameters: {"id"=>"7"}
  [1m[36mPost Load (0.3ms)[0m  [1m[34mSELECT "posts".* FROM "posts" WHERE "posts"."id" = ? LIMIT ?[0m  [["id", 7], ["LIMIT", 1]]
  ↳ app/controllers/posts_controller.rb:24:in `edit'
  Rendering layout layouts/application.html.erb
  Rendering posts/edit.html.erb within layouts/application
  Rendered posts/edit.html.erb within layouts/application (Duration: 2.7ms | Allocations: 1555)
[Webpacker] Everything's up-to-date. Nothing to do
  Rendered layout layouts/application.html.erb (Duration: 48.9ms | Allocations: 6062)
Completed 200 OK in 66ms (Views: 57.5ms | ActiveRecord: 0.3ms | Allocations: 7213)


Started GET "/posts/6/edit" for ::1 at 2021-01-22 10:39:42 +0900
Processing by PostsController#edit as HTML
  Parameters: {"id"=>"6"}
  [1m[36mPost Load (0.2ms)[0m  [1m[34mSELECT "posts".* FROM "posts" WHERE "posts"."id" = ? LIMIT ?[0m  [["id", 6], ["LIMIT", 1]]
  ↳ app/controllers/posts_controller.rb:24:in `edit'
  Rendering layout layouts/application.html.erb
  Rendering posts/edit.html.erb within layouts/application
  Rendered posts/edit.html.erb within layouts/application (Duration: 1.6ms | Allocations: 1283)
[Webpacker] Everything's up-to-date. Nothing to do
  Rendered layout layouts/application.html.erb (Duration: 44.1ms | Allocations: 5791)
Completed 200 OK in 62ms (Views: 55.8ms | ActiveRecord: 0.2ms | Allocations: 6708)


Started GET "/posts" for ::1 at 2021-01-22 10:41:41 +0900
Processing by PostsController#index as HTML
  Rendering layout layouts/application.html.erb
  Rendering posts/index.html.erb within layouts/application
  [1m[36mPost Load (0.3ms)[0m  [1m[34mSELECT "posts".* FROM "posts" ORDER BY "posts"."created_at" DESC[0m
  ↳ app/views/posts/index.html.erb:6
  Rendered posts/index.html.erb within layouts/application (Duration: 7.2ms | Allocations: 1289)
[Webpacker] Everything's up-to-date. Nothing to do
  Rendered layout layouts/application.html.erb (Duration: 79.0ms | Allocations: 6096)
Completed 200 OK in 94ms (Views: 90.4ms | ActiveRecord: 0.3ms | Allocations: 7221)


Started GET "/posts/7/edit" for ::1 at 2021-01-22 10:41:43 +0900
Processing by PostsController#edit as HTML
  Parameters: {"id"=>"7"}
  [1m[36mPost Load (0.3ms)[0m  [1m[34mSELECT "posts".* FROM "posts" WHERE "posts"."id" = ? LIMIT ?[0m  [["id", 7], ["LIMIT", 1]]
  ↳ app/controllers/posts_controller.rb:24:in `edit'
  Rendering layout layouts/application.html.erb
  Rendering posts/edit.html.erb within layouts/application
  Rendered posts/edit.html.erb within layouts/application (Duration: 2.6ms | Allocations: 795)
[Webpacker] Everything's up-to-date. Nothing to do
  Rendered layout layouts/application.html.erb (Duration: 48.4ms | Allocations: 5406)
Completed 200 OK in 62ms (Views: 50.2ms | ActiveRecord: 0.3ms | Allocations: 6449)


Started PATCH "/posts/7" for ::1 at 2021-01-22 10:42:33 +0900
Processing by PostsController#update as HTML
  Parameters: {"authenticity_token"=>"[FILTERED]", "post"=>{"title"=>"abc", "body"=>"vvvv\r\nwwww\r\nMMMM"}, "commit"=>"Update Post", "id"=>"7"}
  [1m[36mPost Load (0.5ms)[0m  [1m[34mSELECT "posts".* FROM "posts" WHERE "posts"."id" = ? LIMIT ?[0m  [["id", 7], ["LIMIT", 1]]
  ↳ app/controllers/posts_controller.rb:28:in `update'
  [1m[36mTRANSACTION (0.1ms)[0m  [1m[36mbegin transaction[0m
  ↳ app/controllers/posts_controller.rb:29:in `update'
  [1m[36mPost Update (5.0ms)[0m  [1m[33mUPDATE "posts" SET "body" = ?, "updated_at" = ? WHERE "posts"."id" = ?[0m  [["body", "vvvv\r\nwwww\r\nMMMM"], ["updated_at", "2021-01-22 01:42:33.890877"], ["id", 7]]
  ↳ app/controllers/posts_controller.rb:29:in `update'
  [1m[36mTRANSACTION (3.9ms)[0m  [1m[36mcommit transaction[0m
  ↳ app/controllers/posts_controller.rb:29:in `update'
Redirected to http://localhost:3000/posts
Completed 302 Found in 77ms (ActiveRecord: 9.5ms | Allocations: 3092)


Started GET "/posts" for ::1 at 2021-01-22 10:42:33 +0900
Processing by PostsController#index as HTML
  Rendering layout layouts/application.html.erb
  Rendering posts/index.html.erb within layouts/application
  [1m[36mPost Load (0.3ms)[0m  [1m[34mSELECT "posts".* FROM "posts" ORDER BY "posts"."created_at" DESC[0m
  ↳ app/views/posts/index.html.erb:6
  Rendered posts/index.html.erb within layouts/application (Duration: 4.5ms | Allocations: 1280)
[Webpacker] Everything's up-to-date. Nothing to do
  Rendered layout layouts/application.html.erb (Duration: 54.8ms | Allocations: 6080)
Completed 200 OK in 76ms (Views: 72.2ms | ActiveRecord: 0.3ms | Allocations: 7205)


Started GET "/posts/7/edit" for ::1 at 2021-01-22 10:42:36 +0900
Processing by PostsController#edit as HTML
  Parameters: {"id"=>"7"}
  [1m[36mPost Load (0.3ms)[0m  [1m[34mSELECT "posts".* FROM "posts" WHERE "posts"."id" = ? LIMIT ?[0m  [["id", 7], ["LIMIT", 1]]
  ↳ app/controllers/posts_controller.rb:24:in `edit'
  Rendering layout layouts/application.html.erb
  Rendering posts/edit.html.erb within layouts/application
  Rendered posts/edit.html.erb within layouts/application (Duration: 3.1ms | Allocations: 709)
[Webpacker] Everything's up-to-date. Nothing to do
  Rendered layout layouts/application.html.erb (Duration: 55.4ms | Allocations: 5316)
Completed 200 OK in 78ms (Views: 61.8ms | ActiveRecord: 0.3ms | Allocations: 6358)


Started GET "/posts/7" for ::1 at 2021-01-22 10:42:40 +0900
Processing by PostsController#show as HTML
  Parameters: {"id"=>"7"}
  [1m[36mPost Load (0.3ms)[0m  [1m[34mSELECT "posts".* FROM "posts" WHERE "posts"."id" = ? LIMIT ?[0m  [["id", 7], ["LIMIT", 1]]
  ↳ app/controllers/posts_controller.rb:7:in `show'
  Rendering layout layouts/application.html.erb
  Rendering posts/show.html.erb within layouts/application
  Rendered posts/show.html.erb within layouts/application (Duration: 1.2ms | Allocations: 257)
[Webpacker] Everything's up-to-date. Nothing to do
  Rendered layout layouts/application.html.erb (Duration: 50.5ms | Allocations: 4877)
Completed 200 OK in 58ms (Views: 52.0ms | ActiveRecord: 0.3ms | Allocations: 5920)


Started GET "/posts/7" for ::1 at 2021-01-22 10:45:43 +0900
Processing by PostsController#show as HTML
  Parameters: {"id"=>"7"}
  [1m[36mPost Load (0.3ms)[0m  [1m[34mSELECT "posts".* FROM "posts" WHERE "posts"."id" = ? LIMIT ?[0m  [["id", 7], ["LIMIT", 1]]
  ↳ app/controllers/posts_controller.rb:7:in `show'
  Rendering layout layouts/application.html.erb
  Rendering posts/show.html.erb within layouts/application
  Rendered posts/show.html.erb within layouts/application (Duration: 1.2ms | Allocations: 255)
[Webpacker] Everything's up-to-date. Nothing to do
  Rendered layout layouts/application.html.erb (Duration: 51.9ms | Allocations: 5064)
Completed 200 OK in 86ms (Views: 71.4ms | ActiveRecord: 0.3ms | Allocations: 6688)


Started GET "/posts" for ::1 at 2021-01-22 10:45:44 +0900
Processing by PostsController#index as HTML
  Rendering layout layouts/application.html.erb
  Rendering posts/index.html.erb within layouts/application
  [1m[36mPost Load (0.4ms)[0m  [1m[34mSELECT "posts".* FROM "posts" ORDER BY "posts"."created_at" DESC[0m
  ↳ app/views/posts/index.html.erb:6
  Rendered posts/index.html.erb within layouts/application (Duration: 10.6ms | Allocations: 1280)
[Webpacker] Everything's up-to-date. Nothing to do
  Rendered layout layouts/application.html.erb (Duration: 62.4ms | Allocations: 5890)
Completed 200 OK in 78ms (Views: 70.0ms | ActiveRecord: 0.4ms | Allocations: 6433)


Started GET "/posts/7/edit" for ::1 at 2021-01-22 10:45:47 +0900
Processing by PostsController#edit as HTML
  Parameters: {"id"=>"7"}
  [1m[36mPost Load (0.9ms)[0m  [1m[34mSELECT "posts".* FROM "posts" WHERE "posts"."id" = ? LIMIT ?[0m  [["id", 7], ["LIMIT", 1]]
  ↳ app/controllers/posts_controller.rb:24:in `edit'
  Rendering layout layouts/application.html.erb
  Rendering posts/edit.html.erb within layouts/application
  Rendered posts/_form.html.erb (Duration: 1.6ms | Allocations: 713)
  Rendered posts/edit.html.erb within layouts/application (Duration: 5.7ms | Allocations: 1020)
[Webpacker] Everything's up-to-date. Nothing to do
  Rendered layout layouts/application.html.erb (Duration: 51.5ms | Allocations: 5635)
Completed 200 OK in 66ms (Views: 57.7ms | ActiveRecord: 0.9ms | Allocations: 6678)


Started PATCH "/posts/7" for ::1 at 2021-01-22 10:45:54 +0900
Processing by PostsController#update as HTML
  Parameters: {"authenticity_token"=>"[FILTERED]", "post"=>{"title"=>"ab", "body"=>"vvvv\r\nwwww"}, "commit"=>"Update Post", "id"=>"7"}
  [1m[36mPost Load (0.3ms)[0m  [1m[34mSELECT "posts".* FROM "posts" WHERE "posts"."id" = ? LIMIT ?[0m  [["id", 7], ["LIMIT", 1]]
  ↳ app/controllers/posts_controller.rb:28:in `update'
  Rendering layout layouts/application.html.erb
  Rendering posts/edit.html.erb within layouts/application
  Rendered posts/_form.html.erb (Duration: 4.1ms | Allocations: 1550)
  Rendered posts/edit.html.erb within layouts/application (Duration: 5.8ms | Allocations: 1639)
[Webpacker] Everything's up-to-date. Nothing to do
  Rendered layout layouts/application.html.erb (Duration: 53.3ms | Allocations: 6166)
Completed 200 OK in 77ms (Views: 62.7ms | ActiveRecord: 0.3ms | Allocations: 8033)


Started PATCH "/posts/7" for ::1 at 2021-01-22 10:46:00 +0900
Processing by PostsController#update as HTML
  Parameters: {"authenticity_token"=>"[FILTERED]", "post"=>{"title"=>"abcc", "body"=>"vvvv\r\nwwww"}, "commit"=>"Update Post", "id"=>"7"}
  [1m[36mPost Load (0.3ms)[0m  [1m[34mSELECT "posts".* FROM "posts" WHERE "posts"."id" = ? LIMIT ?[0m  [["id", 7], ["LIMIT", 1]]
  ↳ app/controllers/posts_controller.rb:28:in `update'
  [1m[36mTRANSACTION (0.1ms)[0m  [1m[36mbegin transaction[0m
  ↳ app/controllers/posts_controller.rb:29:in `update'
  [1m[36mPost Update (4.5ms)[0m  [1m[33mUPDATE "posts" SET "title" = ?, "body" = ?, "updated_at" = ? WHERE "posts"."id" = ?[0m  [["title", "abcc"], ["body", "vvvv\r\nwwww"], ["updated_at", "2021-01-22 01:46:00.120760"], ["id", 7]]
  ↳ app/controllers/posts_controller.rb:29:in `update'
  [1m[36mTRANSACTION (5.2ms)[0m  [1m[36mcommit transaction[0m
  ↳ app/controllers/posts_controller.rb:29:in `update'
Redirected to http://localhost:3000/posts
Completed 302 Found in 42ms (ActiveRecord: 10.1ms | Allocations: 2995)


Started GET "/posts" for ::1 at 2021-01-22 10:46:00 +0900
Processing by PostsController#index as HTML
  Rendering layout layouts/application.html.erb
  Rendering posts/index.html.erb within layouts/application
  [1m[36mPost Load (0.3ms)[0m  [1m[34mSELECT "posts".* FROM "posts" ORDER BY "posts"."created_at" DESC[0m
  ↳ app/views/posts/index.html.erb:6
  Rendered posts/index.html.erb within layouts/application (Duration: 4.2ms | Allocations: 1094)
[Webpacker] Everything's up-to-date. Nothing to do
  Rendered layout layouts/application.html.erb (Duration: 52.4ms | Allocations: 5697)
Completed 200 OK in 71ms (Views: 66.8ms | ActiveRecord: 0.3ms | Allocations: 6110)


Started GET "/posts/new" for ::1 at 2021-01-22 10:46:02 +0900
Processing by PostsController#new as HTML
  Rendering layout layouts/application.html.erb
  Rendering posts/new.html.erb within layouts/application
  Rendered posts/_form.html.erb (Duration: 2.1ms | Allocations: 463)
  Rendered posts/new.html.erb within layouts/application (Duration: 9.7ms | Allocations: 631)
[Webpacker] Everything's up-to-date. Nothing to do
  Rendered layout layouts/application.html.erb (Duration: 54.2ms | Allocations: 5238)
Completed 200 OK in 68ms (Views: 65.5ms | ActiveRecord: 0.0ms | Allocations: 5754)


Started POST "/posts" for ::1 at 2021-01-22 10:46:09 +0900
Processing by PostsController#create as HTML
  Parameters: {"authenticity_token"=>"[FILTERED]", "post"=>{"title"=>"aaaa", "body"=>"aaaaaa"}, "commit"=>"Create Post"}
  [1m[36mTRANSACTION (0.1ms)[0m  [1m[36mbegin transaction[0m
  ↳ app/controllers/posts_controller.rb:16:in `create'
  [1m[36mPost Create (1.7ms)[0m  [1m[32mINSERT INTO "posts" ("title", "body", "created_at", "updated_at") VALUES (?, ?, ?, ?)[0m  [["title", "aaaa"], ["body", "aaaaaa"], ["created_at", "2021-01-22 01:46:09.398413"], ["updated_at", "2021-01-22 01:46:09.398413"]]
  ↳ app/controllers/posts_controller.rb:16:in `create'
  [1m[36mTRANSACTION (2.4ms)[0m  [1m[36mcommit transaction[0m
  ↳ app/controllers/posts_controller.rb:16:in `create'
Redirected to http://localhost:3000/posts
Completed 302 Found in 35ms (ActiveRecord: 4.2ms | Allocations: 2394)


Started GET "/posts" for ::1 at 2021-01-22 10:46:09 +0900
Processing by PostsController#index as HTML
  Rendering layout layouts/application.html.erb
  Rendering posts/index.html.erb within layouts/application
  [1m[36mPost Load (0.6ms)[0m  [1m[34mSELECT "posts".* FROM "posts" ORDER BY "posts"."created_at" DESC[0m
  ↳ app/views/posts/index.html.erb:6
  Rendered posts/index.html.erb within layouts/application (Duration: 6.2ms | Allocations: 1151)
[Webpacker] Everything's up-to-date. Nothing to do
  Rendered layout layouts/application.html.erb (Duration: 56.4ms | Allocations: 5754)
Completed 200 OK in 59ms (Views: 57.3ms | ActiveRecord: 0.6ms | Allocations: 6168)


Started GET "/posts" for ::1 at 2021-01-22 10:52:31 +0900
Processing by PostsController#index as HTML
  [1m[35m (0.2ms)[0m  [1m[34mSELECT sqlite_version(*)[0m
  ↳ app/controllers/posts_controller.rb:3:in `index'
  Rendering layout layouts/application.html.erb
  Rendering posts/index.html.erb within layouts/application
  Rendered posts/index.html.erb within layouts/application (Duration: 1.1ms | Allocations: 1191)
  Rendered layout layouts/application.html.erb (Duration: 2.2ms | Allocations: 1256)
Completed 500 Internal Server Error in 32ms (ActiveRecord: 1.6ms | Allocations: 3607)


  
ActionView::SyntaxErrorInTemplate (Encountered a syntax error while rendering template: check <p>
<%= link_to 'Add New', new_post_path,class: 'header-menu' %>
MY Posts
</p>
<ul>
  <% @posts.each do |post| %>
    <li>
    <%=link_to post.title, post_path(post) %>
    <%= link_to '[Edit]', edit_post_path(post), class: 'command' %>
    <%= link_to '[x]',
     post_path(post),
     method: :delete,
     class: 'command',
     date: (confirm: 'Sure?') %>
    </li>
  <% end %>
</ul>
):
1:    <p>
2:    <%= link_to 'Add New', new_post_path,class: 'header-menu' %>
3:    MY Posts
4:    </p>
5:    <ul>
6:      <% @posts.each do |post| %>
7:        <li>
8:        <%=link_to post.title, post_path(post) %>
9:        <%= link_to '[Edit]', edit_post_path(post), class: 'command' %>
10:        <%= link_to '[x]',
11:         post_path(post),
12:         method: :delete,
13:         class: 'command',
14:         date: (confirm: 'Sure?') %>
15:        </li>
16:      <% end %>
17:    </ul>
  
app/views/posts/index.html.erb:14: syntax error, unexpected tLABEL
app/views/posts/index.html.erb:14: syntax error, unexpected tLABEL
app/views/posts/index.html.erb:14: syntax error, unexpected tLABEL
app/views/posts/index.html.erb:14: syntax error, unexpected tLABEL
app/views/posts/index.html.erb:14: syntax error, unexpected tLABEL
app/views/posts/index.html.erb:14: syntax error, unexpected tLABEL
Started GET "/posts" for ::1 at 2021-01-22 10:53:18 +0900
Processing by PostsController#index as HTML
  Rendering layout layouts/application.html.erb
  Rendering posts/index.html.erb within layouts/application
  [1m[36mPost Load (0.5ms)[0m  [1m[34mSELECT "posts".* FROM "posts" ORDER BY "posts"."created_at" DESC[0m
  ↳ app/views/posts/index.html.erb:6
  Rendered posts/index.html.erb within layouts/application (Duration: 15.5ms | Allocations: 3485)
[Webpacker] Everything's up-to-date. Nothing to do
  Rendered layout layouts/application.html.erb (Duration: 70.4ms | Allocations: 8292)
Completed 200 OK in 86ms (Views: 82.6ms | ActiveRecord: 0.5ms | Allocations: 9417)


Started DELETE "/posts/6" for ::1 at 2021-01-22 10:53:21 +0900
Processing by PostsController#destroy as HTML
  Parameters: {"authenticity_token"=>"[FILTERED]", "id"=>"6"}
  [1m[36mPost Load (0.4ms)[0m  [1m[34mSELECT "posts".* FROM "posts" WHERE "posts"."id" = ? LIMIT ?[0m  [["id", 6], ["LIMIT", 1]]
  ↳ app/controllers/posts_controller.rb:37:in `destroy'
  [1m[36mTRANSACTION (0.1ms)[0m  [1m[36mbegin transaction[0m
  ↳ app/controllers/posts_controller.rb:38:in `destroy'
  [1m[36mPost Destroy (1.7ms)[0m  [1m[31mDELETE FROM "posts" WHERE "posts"."id" = ?[0m  [["id", 6]]
  ↳ app/controllers/posts_controller.rb:38:in `destroy'
  [1m[36mTRANSACTION (3.7ms)[0m  [1m[36mcommit transaction[0m
  ↳ app/controllers/posts_controller.rb:38:in `destroy'
Redirected to http://localhost:3000/posts
Completed 302 Found in 37ms (ActiveRecord: 5.9ms | Allocations: 2648)


Started GET "/posts" for ::1 at 2021-01-22 10:53:21 +0900
Processing by PostsController#index as HTML
  Rendering layout layouts/application.html.erb
  Rendering posts/index.html.erb within layouts/application
  [1m[36mPost Load (0.7ms)[0m  [1m[34mSELECT "posts".* FROM "posts" ORDER BY "posts"."created_at" DESC[0m
  ↳ app/views/posts/index.html.erb:6
  Rendered posts/index.html.erb within layouts/application (Duration: 6.9ms | Allocations: 1389)
[Webpacker] Everything's up-to-date. Nothing to do
  Rendered layout layouts/application.html.erb (Duration: 56.6ms | Allocations: 5992)
Completed 200 OK in 60ms (Views: 58.1ms | ActiveRecord: 0.7ms | Allocations: 6406)


Started GET "/posts" for ::1 at 2021-01-22 10:53:49 +0900
Processing by PostsController#index as HTML
  Rendering layout layouts/application.html.erb
  Rendering posts/index.html.erb within layouts/application
  [1m[36mPost Load (0.3ms)[0m  [1m[34mSELECT "posts".* FROM "posts" ORDER BY "posts"."created_at" DESC[0m
  ↳ app/views/posts/index.html.erb:6
  Rendered posts/index.html.erb within layouts/application (Duration: 6.5ms | Allocations: 1582)
[Webpacker] Everything's up-to-date. Nothing to do
  Rendered layout layouts/application.html.erb (Duration: 65.3ms | Allocations: 6385)
Completed 200 OK in 79ms (Views: 75.5ms | ActiveRecord: 0.3ms | Allocations: 7505)


Started DELETE "/posts/7" for ::1 at 2021-01-22 10:53:59 +0900
Processing by PostsController#destroy as HTML
  Parameters: {"authenticity_token"=>"[FILTERED]", "id"=>"7"}
  [1m[36mPost Load (0.4ms)[0m  [1m[34mSELECT "posts".* FROM "posts" WHERE "posts"."id" = ? LIMIT ?[0m  [["id", 7], ["LIMIT", 1]]
  ↳ app/controllers/posts_controller.rb:37:in `destroy'
  [1m[36mTRANSACTION (0.1ms)[0m  [1m[36mbegin transaction[0m
  ↳ app/controllers/posts_controller.rb:38:in `destroy'
  [1m[36mPost Destroy (1.1ms)[0m  [1m[31mDELETE FROM "posts" WHERE "posts"."id" = ?[0m  [["id", 7]]
  ↳ app/controllers/posts_controller.rb:38:in `destroy'
  [1m[36mTRANSACTION (4.8ms)[0m  [1m[36mcommit transaction[0m
  ↳ app/controllers/posts_controller.rb:38:in `destroy'
Redirected to http://localhost:3000/posts
Completed 302 Found in 44ms (ActiveRecord: 6.3ms | Allocations: 2524)


Started GET "/posts" for ::1 at 2021-01-22 10:53:59 +0900
Processing by PostsController#index as HTML
  Rendering layout layouts/application.html.erb
  Rendering posts/index.html.erb within layouts/application
  [1m[36mPost Load (0.8ms)[0m  [1m[34mSELECT "posts".* FROM "posts" ORDER BY "posts"."created_at" DESC[0m
  ↳ app/views/posts/index.html.erb:6
  Rendered posts/index.html.erb within layouts/application (Duration: 5.8ms | Allocations: 1273)
[Webpacker] Everything's up-to-date. Nothing to do
  Rendered layout layouts/application.html.erb (Duration: 57.3ms | Allocations: 5876)
Completed 200 OK in 65ms (Views: 62.8ms | ActiveRecord: 0.8ms | Allocations: 6290)


  [1m[35m (0.7ms)[0m  [1m[34mSELECT sqlite_version(*)[0m
  [1m[35m (0.3ms)[0m  [1m[34mSELECT "schema_migrations"."version" FROM "schema_migrations" ORDER BY "schema_migrations"."version" ASC[0m
Migrating to CreateComments (20210122020813)
  [1m[36mTRANSACTION (0.1ms)[0m  [1m[36mbegin transaction[0m
  [1m[35m (1.5ms)[0m  [1m[35mCREATE TABLE "comments" ("id" integer PRIMARY KEY AUTOINCREMENT NOT NULL, "body" varchar, "post_id" integer NOT NULL, "created_at" datetime(6) NOT NULL, "updated_at" datetime(6) NOT NULL, CONSTRAINT "fk_rails_2fd19c0db7"
FOREIGN KEY ("post_id")
  REFERENCES "posts" ("id")
)[0m
  [1m[35m (0.3ms)[0m  [1m[35mCREATE INDEX "index_comments_on_post_id" ON "comments" ("post_id")[0m
  [1m[36mActiveRecord::SchemaMigration Create (0.3ms)[0m  [1m[32mINSERT INTO "schema_migrations" ("version") VALUES (?)[0m  [["version", "20210122020813"]]
  [1m[36mTRANSACTION (4.4ms)[0m  [1m[36mcommit transaction[0m
  [1m[36mActiveRecord::InternalMetadata Load (0.4ms)[0m  [1m[34mSELECT "ar_internal_metadata".* FROM "ar_internal_metadata" WHERE "ar_internal_metadata"."key" = ? LIMIT ?[0m  [["key", "environment"], ["LIMIT", 1]]
  [1m[35m (0.2ms)[0m  [1m[34mSELECT sqlite_version(*)[0m
  [1m[35m (0.2ms)[0m  [1m[34mSELECT "schema_migrations"."version" FROM "schema_migrations" ORDER BY "schema_migrations"."version" ASC[0m
Started GET "/posts" for ::1 at 2021-01-22 11:16:44 +0900
  [1m[35m (1.3ms)[0m  [1m[34mSELECT sqlite_version(*)[0m
  [1m[35m (0.4ms)[0m  [1m[34mSELECT "schema_migrations"."version" FROM "schema_migrations" ORDER BY "schema_migrations"."version" ASC[0m
Processing by PostsController#index as HTML
  Rendering layout layouts/application.html.erb
  Rendering posts/index.html.erb within layouts/application
  [1m[36mPost Load (0.4ms)[0m  [1m[34mSELECT "posts".* FROM "posts" ORDER BY "posts"."created_at" DESC[0m
  ↳ app/views/posts/index.html.erb:6
  Rendered posts/index.html.erb within layouts/application (Duration: 14.4ms | Allocations: 3821)
[Webpacker] Everything's up-to-date. Nothing to do
  Rendered layout layouts/application.html.erb (Duration: 316.8ms | Allocations: 25673)
Completed 200 OK in 392ms (Views: 329.3ms | ActiveRecord: 3.5ms | Allocations: 30598)


Started GET "/posts" for ::1 at 2021-01-22 11:16:48 +0900
Processing by PostsController#index as HTML
  Rendering layout layouts/application.html.erb
  Rendering posts/index.html.erb within layouts/application
  [1m[36mPost Load (2.8ms)[0m  [1m[34mSELECT "posts".* FROM "posts" ORDER BY "posts"."created_at" DESC[0m
  ↳ app/views/posts/index.html.erb:6
  Rendered posts/index.html.erb within layouts/application (Duration: 30.3ms | Allocations: 1281)
[Webpacker] Everything's up-to-date. Nothing to do
  Rendered layout layouts/application.html.erb (Duration: 121.2ms | Allocations: 6049)
Completed 200 OK in 141ms (Views: 137.1ms | ActiveRecord: 2.8ms | Allocations: 6474)


Started GET "/posts/8" for ::1 at 2021-01-22 11:16:51 +0900
Processing by PostsController#show as HTML
  Parameters: {"id"=>"8"}
  [1m[36mPost Load (0.4ms)[0m  [1m[34mSELECT "posts".* FROM "posts" WHERE "posts"."id" = ? LIMIT ?[0m  [["id", 8], ["LIMIT", 1]]
  ↳ app/controllers/posts_controller.rb:7:in `show'
  Rendering layout layouts/application.html.erb
  Rendering posts/show.html.erb within layouts/application
  Rendered posts/show.html.erb within layouts/application (Duration: 2.0ms | Allocations: 1473)
  Rendered layout layouts/application.html.erb (Duration: 3.1ms | Allocations: 1539)
Completed 500 Internal Server Error in 45ms (ActiveRecord: 0.4ms | Allocations: 2986)


  
ActionView::SyntaxErrorInTemplate (Encountered a syntax error while rendering template: check <h2><%= @post.title %></h2>
<p><%= simple_format @post.body %></p>

<h3>Comments</h3>
<%= form_for ([@post, @post.comments.build)] do |f| %>
  <P>
    <%= f.text_field :body %>

  </p>
  <P>
    <%= f.submit %>
  </p>
<% end %>

):
1:    <h2><%= @post.title %></h2>
2:    <p><%= simple_format @post.body %></p>
3:    
4:    <h3>Comments</h3>
5:    <%= form_for ([@post, @post.comments.build)] do |f| %>
6:      <P>
7:        <%= f.text_field :body %>
8:    
9:      </p>
10:      <P>
11:        <%= f.submit %>
12:      </p>
13:    <% end %>
  
app/views/posts/show.html.erb:5: syntax error, unexpected ')', expecting ']'
app/views/posts/show.html.erb:15: syntax error, unexpected `end', expecting end-of-input
app/views/posts/show.html.erb:5: syntax error, unexpected ')', expecting ']'
app/views/posts/show.html.erb:15: syntax error, unexpected `end', expecting end-of-input
app/views/posts/show.html.erb:5: syntax error, unexpected ')', expecting ']'
app/views/posts/show.html.erb:15: syntax error, unexpected `end', expecting end-of-input
app/views/posts/show.html.erb:5: syntax error, unexpected ')', expecting ']'
app/views/posts/show.html.erb:15: syntax error, unexpected `end', expecting end-of-input
app/views/posts/show.html.erb:5: syntax error, unexpected ')', expecting ']'
app/views/posts/show.html.erb:15: syntax error, unexpected `end', expecting end-of-input
app/views/posts/show.html.erb:5: syntax error, unexpected ')', expecting ']'
app/views/posts/show.html.erb:15: syntax error, unexpected `end', expecting end-of-input
Started GET "/posts/8" for ::1 at 2021-01-22 11:18:00 +0900
Processing by PostsController#show as HTML
  Parameters: {"id"=>"8"}
  [1m[36mPost Load (0.3ms)[0m  [1m[34mSELECT "posts".* FROM "posts" WHERE "posts"."id" = ? LIMIT ?[0m  [["id", 8], ["LIMIT", 1]]
  ↳ app/controllers/posts_controller.rb:7:in `show'
  Rendering layout layouts/application.html.erb
  Rendering posts/show.html.erb within layouts/application
  Rendered posts/show.html.erb within layouts/application (Duration: 243.0ms | Allocations: 19266)
  Rendered layout layouts/application.html.erb (Duration: 244.3ms | Allocations: 19331)
Completed 500 Internal Server Error in 275ms (ActiveRecord: 0.8ms | Allocations: 20993)


  
ActionView::Template::Error (undefined local variable or method `body' for #<Class:0x000000000d34ee70>):
    2: <p><%= simple_format @post.body %></p>
    3: 
    4: <h3>Comments</h3>
    5: <%= form_for ([@post, @post.comments.build]) do |f| %>
    6:   <P>
    7:     <%= f.text_field :body %>
    8: 
  
app/models/comment.rb:3:in `<class:Comment>'
app/models/comment.rb:1:in `<main>'
app/views/posts/show.html.erb:5
Started GET "/posts/8" for ::1 at 2021-01-22 11:19:28 +0900
Processing by PostsController#show as HTML
  Parameters: {"id"=>"8"}
  [1m[35m (0.1ms)[0m  [1m[34mSELECT sqlite_version(*)[0m
  ↳ app/controllers/posts_controller.rb:7:in `show'
  [1m[36mPost Load (0.5ms)[0m  [1m[34mSELECT "posts".* FROM "posts" WHERE "posts"."id" = ? LIMIT ?[0m  [["id", 8], ["LIMIT", 1]]
  ↳ app/controllers/posts_controller.rb:7:in `show'
  Rendering layout layouts/application.html.erb
  Rendering posts/show.html.erb within layouts/application
  Rendered posts/show.html.erb within layouts/application (Duration: 97.4ms | Allocations: 7562)
[Webpacker] Everything's up-to-date. Nothing to do
  Rendered layout layouts/application.html.erb (Duration: 145.0ms | Allocations: 12458)
Completed 200 OK in 260ms (Views: 150.8ms | ActiveRecord: 19.3ms | Allocations: 17515)


Started GET "/posts" for ::1 at 2021-01-22 11:28:19 +0900
Processing by PostsController#index as HTML
  [1m[35m (0.1ms)[0m  [1m[34mSELECT sqlite_version(*)[0m
  ↳ app/controllers/posts_controller.rb:3:in `index'
  Rendering layout layouts/application.html.erb
  Rendering posts/index.html.erb within layouts/application
  [1m[36mPost Load (0.7ms)[0m  [1m[34mSELECT "posts".* FROM "posts" ORDER BY "posts"."created_at" DESC[0m
  ↳ app/views/posts/index.html.erb:6
  Rendered posts/index.html.erb within layouts/application (Duration: 30.3ms | Allocations: 3251)
[Webpacker] Everything's up-to-date. Nothing to do
  Rendered layout layouts/application.html.erb (Duration: 81.4ms | Allocations: 8009)
Completed 200 OK in 104ms (Views: 88.2ms | ActiveRecord: 1.3ms | Allocations: 10378)


Started GET "/posts/new" for ::1 at 2021-01-22 11:28:21 +0900
Processing by PostsController#new as HTML
  Rendering layout layouts/application.html.erb
  Rendering posts/new.html.erb within layouts/application
  Rendered posts/_form.html.erb (Duration: 2.6ms | Allocations: 836)
  Rendered posts/new.html.erb within layouts/application (Duration: 6.3ms | Allocations: 1134)
[Webpacker] Everything's up-to-date. Nothing to do
  Rendered layout layouts/application.html.erb (Duration: 47.5ms | Allocations: 5903)
Completed 200 OK in 53ms (Views: 50.1ms | ActiveRecord: 0.0ms | Allocations: 6432)


Started GET "/posts" for ::1 at 2021-01-22 11:32:29 +0900
Processing by PostsController#index as HTML
  [1m[35m (0.1ms)[0m  [1m[34mSELECT sqlite_version(*)[0m
  ↳ app/controllers/posts_controller.rb:3:in `index'
  Rendering layout layouts/application.html.erb
  Rendering posts/index.html.erb within layouts/application
  [1m[36mPost Load (0.4ms)[0m  [1m[34mSELECT "posts".* FROM "posts" ORDER BY "posts"."created_at" DESC[0m
  ↳ app/views/posts/index.html.erb:6
  Rendered posts/index.html.erb within layouts/application (Duration: 16.6ms | Allocations: 3405)
[Webpacker] Everything's up-to-date. Nothing to do
  Rendered layout layouts/application.html.erb (Duration: 73.4ms | Allocations: 8355)
Completed 200 OK in 107ms (Views: 87.8ms | ActiveRecord: 2.8ms | Allocations: 11416)


Started GET "/posts/8" for ::1 at 2021-01-22 11:32:32 +0900
Processing by PostsController#show as HTML
  Parameters: {"id"=>"8"}
  [1m[36mPost Load (0.4ms)[0m  [1m[34mSELECT "posts".* FROM "posts" WHERE "posts"."id" = ? LIMIT ?[0m  [["id", 8], ["LIMIT", 1]]
  ↳ app/controllers/posts_controller.rb:7:in `show'
  Rendering layout layouts/application.html.erb
  Rendering posts/show.html.erb within layouts/application
  [1m[36mComment Exists? (0.4ms)[0m  [1m[34mSELECT 1 AS one FROM "comments" WHERE "comments"."post_id" = ? LIMIT ?[0m  [["post_id", 8], ["LIMIT", 1]]
  ↳ app/views/posts/show.html.erb:5
  Rendered posts/show.html.erb within layouts/application (Duration: 25.5ms | Allocations: 5437)
[Webpacker] Everything's up-to-date. Nothing to do
  Rendered layout layouts/application.html.erb (Duration: 71.8ms | Allocations: 10116)
Completed 200 OK in 93ms (Views: 75.2ms | ActiveRecord: 2.0ms | Allocations: 11269)


Started POST "/posts/8/comments" for ::1 at 2021-01-22 11:32:37 +0900
  
SyntaxError (C:/Users/User/portfolio/myblog/app/controllers/comments_controller.rb:6: syntax error, unexpected local variable or method, expecting ')'
    redirect_to post_path(@post)
    ^~~~~~~~~~~
):
  
app/controllers/comments_controller.rb:6: syntax error, unexpected local variable or method, expecting ')'
app/controllers/comments_controller.rb:6: syntax error, unexpected local variable or method, expecting ')'
app/controllers/comments_controller.rb:6: syntax error, unexpected local variable or method, expecting ')'
Started POST "/posts/8/comments" for ::1 at 2021-01-22 11:33:34 +0900
Processing by CommentsController#create as HTML
  Parameters: {"authenticity_token"=>"[FILTERED]", "comment"=>{"body"=>"ssss"}, "commit"=>"Create Comment", "post_id"=>"8"}
  [1m[35m (0.1ms)[0m  [1m[34mSELECT sqlite_version(*)[0m
  ↳ app/controllers/comments_controller.rb:4:in `create'
  [1m[36mPost Load (0.3ms)[0m  [1m[34mSELECT "posts".* FROM "posts" WHERE "posts"."id" = ? LIMIT ?[0m  [["id", 8], ["LIMIT", 1]]
  ↳ app/controllers/comments_controller.rb:4:in `create'
Completed 400 Bad Request in 29ms (ActiveRecord: 2.0ms | Allocations: 5925)


  
ActionController::ParameterMissing (param is missing or the value is empty: Comment
Did you mean?  comment
               commit
               controller
               action):
  
app/controllers/comments_controller.rb:11:in `comment_params'
app/controllers/comments_controller.rb:5:in `create'
Started POST "/posts/8/comments" for ::1 at 2021-01-22 11:34:01 +0900
Processing by CommentsController#create as HTML
  Parameters: {"authenticity_token"=>"[FILTERED]", "comment"=>{"body"=>"ssss"}, "commit"=>"Create Comment", "post_id"=>"8"}
  [1m[35m (0.1ms)[0m  [1m[34mSELECT sqlite_version(*)[0m
  ↳ app/controllers/comments_controller.rb:4:in `create'
  [1m[36mPost Load (0.2ms)[0m  [1m[34mSELECT "posts".* FROM "posts" WHERE "posts"."id" = ? LIMIT ?[0m  [["id", 8], ["LIMIT", 1]]
  ↳ app/controllers/comments_controller.rb:4:in `create'
Completed 500 Internal Server Error in 24ms (ActiveRecord: 1.8ms | Allocations: 6681)


  
NoMethodError (undefined method `parmit' for #<ActionController::Parameters {"body"=>"ssss"} permitted: false>
Did you mean?  permit
               permit!):
  
app/controllers/comments_controller.rb:11:in `comment_params'
app/controllers/comments_controller.rb:5:in `create'
Started POST "/posts/8/comments" for ::1 at 2021-01-22 11:34:42 +0900
Processing by CommentsController#create as HTML
  Parameters: {"authenticity_token"=>"[FILTERED]", "comment"=>{"body"=>"ssss"}, "commit"=>"Create Comment", "post_id"=>"8"}
  [1m[35m (0.1ms)[0m  [1m[34mSELECT sqlite_version(*)[0m
  ↳ app/controllers/comments_controller.rb:4:in `create'
  [1m[36mPost Load (0.3ms)[0m  [1m[34mSELECT "posts".* FROM "posts" WHERE "posts"."id" = ? LIMIT ?[0m  [["id", 8], ["LIMIT", 1]]
  ↳ app/controllers/comments_controller.rb:4:in `create'
  [1m[36mTRANSACTION (0.1ms)[0m  [1m[36mbegin transaction[0m
  ↳ app/controllers/comments_controller.rb:5:in `create'
  [1m[36mComment Create (1.4ms)[0m  [1m[32mINSERT INTO "comments" ("body", "post_id", "created_at", "updated_at") VALUES (?, ?, ?, ?)[0m  [["body", "ssss"], ["post_id", 8], ["created_at", "2021-01-22 02:34:42.552272"], ["updated_at", "2021-01-22 02:34:42.552272"]]
  ↳ app/controllers/comments_controller.rb:5:in `create'
  [1m[36mTRANSACTION (4.7ms)[0m  [1m[36mcommit transaction[0m
  ↳ app/controllers/comments_controller.rb:5:in `create'
Redirected to http://localhost:3000/posts/8
Completed 302 Found in 58ms (ActiveRecord: 10.6ms | Allocations: 10780)


Started GET "/posts/8" for ::1 at 2021-01-22 11:34:42 +0900
Processing by PostsController#show as HTML
  Parameters: {"id"=>"8"}
  [1m[36mPost Load (0.2ms)[0m  [1m[34mSELECT "posts".* FROM "posts" WHERE "posts"."id" = ? LIMIT ?[0m  [["id", 8], ["LIMIT", 1]]
  ↳ app/controllers/posts_controller.rb:7:in `show'
  Rendering layout layouts/application.html.erb
  Rendering posts/show.html.erb within layouts/application
  [1m[36mComment Exists? (0.3ms)[0m  [1m[34mSELECT 1 AS one FROM "comments" WHERE "comments"."post_id" = ? LIMIT ?[0m  [["post_id", 8], ["LIMIT", 1]]
  ↳ app/views/posts/show.html.erb:5
  [1m[36mComment Load (0.4ms)[0m  [1m[34mSELECT "comments".* FROM "comments" WHERE "comments"."post_id" = ?[0m  [["post_id", 8]]
  ↳ app/views/posts/show.html.erb:7
  Rendered posts/show.html.erb within layouts/application (Duration: 17.4ms | Allocations: 2367)
[Webpacker] Everything's up-to-date. Nothing to do
  Rendered layout layouts/application.html.erb (Duration: 60.4ms | Allocations: 7142)
Completed 200 OK in 74ms (Views: 62.7ms | ActiveRecord: 0.9ms | Allocations: 8172)


Started POST "/posts/8/comments" for ::1 at 2021-01-22 11:34:54 +0900
Processing by CommentsController#create as HTML
  Parameters: {"authenticity_token"=>"[FILTERED]", "comment"=>{"body"=>""}, "commit"=>"Create Comment", "post_id"=>"8"}
  [1m[36mPost Load (0.5ms)[0m  [1m[34mSELECT "posts".* FROM "posts" WHERE "posts"."id" = ? LIMIT ?[0m  [["id", 8], ["LIMIT", 1]]
  ↳ app/controllers/comments_controller.rb:4:in `create'
Redirected to http://localhost:3000/posts/8
Completed 302 Found in 23ms (ActiveRecord: 0.5ms | Allocations: 1912)


Started GET "/posts/8" for ::1 at 2021-01-22 11:34:54 +0900
Processing by PostsController#show as HTML
  Parameters: {"id"=>"8"}
  [1m[36mPost Load (0.4ms)[0m  [1m[34mSELECT "posts".* FROM "posts" WHERE "posts"."id" = ? LIMIT ?[0m  [["id", 8], ["LIMIT", 1]]
  ↳ app/controllers/posts_controller.rb:7:in `show'
  Rendering layout layouts/application.html.erb
  Rendering posts/show.html.erb within layouts/application
  [1m[36mComment Exists? (0.4ms)[0m  [1m[34mSELECT 1 AS one FROM "comments" WHERE "comments"."post_id" = ? LIMIT ?[0m  [["post_id", 8], ["LIMIT", 1]]
  ↳ app/views/posts/show.html.erb:5
  [1m[36mComment Load (0.2ms)[0m  [1m[34mSELECT "comments".* FROM "comments" WHERE "comments"."post_id" = ?[0m  [["post_id", 8]]
  ↳ app/views/posts/show.html.erb:7
  Rendered posts/show.html.erb within layouts/application (Duration: 12.0ms | Allocations: 2051)
[Webpacker] Everything's up-to-date. Nothing to do
  Rendered layout layouts/application.html.erb (Duration: 52.7ms | Allocations: 6816)
Completed 200 OK in 70ms (Views: 57.1ms | ActiveRecord: 1.0ms | Allocations: 7731)


Started POST "/posts/8/comments" for ::1 at 2021-01-22 11:34:59 +0900
Processing by CommentsController#create as HTML
  Parameters: {"authenticity_token"=>"[FILTERED]", "comment"=>{"body"=>"aaaa"}, "commit"=>"Create Comment", "post_id"=>"8"}
  [1m[36mPost Load (0.3ms)[0m  [1m[34mSELECT "posts".* FROM "posts" WHERE "posts"."id" = ? LIMIT ?[0m  [["id", 8], ["LIMIT", 1]]
  ↳ app/controllers/comments_controller.rb:4:in `create'
  [1m[36mTRANSACTION (0.1ms)[0m  [1m[36mbegin transaction[0m
  ↳ app/controllers/comments_controller.rb:5:in `create'
  [1m[36mComment Create (1.1ms)[0m  [1m[32mINSERT INTO "comments" ("body", "post_id", "created_at", "updated_at") VALUES (?, ?, ?, ?)[0m  [["body", "aaaa"], ["post_id", 8], ["created_at", "2021-01-22 02:34:59.200390"], ["updated_at", "2021-01-22 02:34:59.200390"]]
  ↳ app/controllers/comments_controller.rb:5:in `create'
  [1m[36mTRANSACTION (4.2ms)[0m  [1m[36mcommit transaction[0m
  ↳ app/controllers/comments_controller.rb:5:in `create'
Redirected to http://localhost:3000/posts/8
Completed 302 Found in 40ms (ActiveRecord: 5.7ms | Allocations: 3257)


Started GET "/posts/8" for ::1 at 2021-01-22 11:34:59 +0900
Processing by PostsController#show as HTML
  Parameters: {"id"=>"8"}
  [1m[36mPost Load (0.4ms)[0m  [1m[34mSELECT "posts".* FROM "posts" WHERE "posts"."id" = ? LIMIT ?[0m  [["id", 8], ["LIMIT", 1]]
  ↳ app/controllers/posts_controller.rb:7:in `show'
  Rendering layout layouts/application.html.erb
  Rendering posts/show.html.erb within layouts/application
  [1m[36mComment Exists? (0.3ms)[0m  [1m[34mSELECT 1 AS one FROM "comments" WHERE "comments"."post_id" = ? LIMIT ?[0m  [["post_id", 8], ["LIMIT", 1]]
  ↳ app/views/posts/show.html.erb:5
  [1m[36mComment Load (0.3ms)[0m  [1m[34mSELECT "comments".* FROM "comments" WHERE "comments"."post_id" = ?[0m  [["post_id", 8]]
  ↳ app/views/posts/show.html.erb:7
  Rendered posts/show.html.erb within layouts/application (Duration: 23.0ms | Allocations: 2069)
[Webpacker] Everything's up-to-date. Nothing to do
  Rendered layout layouts/application.html.erb (Duration: 68.9ms | Allocations: 6834)
Completed 200 OK in 84ms (Views: 73.2ms | ActiveRecord: 1.0ms | Allocations: 7747)


Started GET "/posts/8" for ::1 at 2021-01-22 11:38:27 +0900
Processing by PostsController#show as HTML
  Parameters: {"id"=>"8"}
  [1m[35m (0.1ms)[0m  [1m[34mSELECT sqlite_version(*)[0m
  ↳ app/controllers/posts_controller.rb:7:in `show'
  [1m[36mPost Load (0.3ms)[0m  [1m[34mSELECT "posts".* FROM "posts" WHERE "posts"."id" = ? LIMIT ?[0m  [["id", 8], ["LIMIT", 1]]
  ↳ app/controllers/posts_controller.rb:7:in `show'
  Rendering layout layouts/application.html.erb
  Rendering posts/show.html.erb within layouts/application
  [1m[36mComment Exists? (0.4ms)[0m  [1m[34mSELECT 1 AS one FROM "comments" WHERE "comments"."post_id" = ? LIMIT ?[0m  [["post_id", 8], ["LIMIT", 1]]
  ↳ app/views/posts/show.html.erb:5
  [1m[36mComment Load (0.4ms)[0m  [1m[34mSELECT "comments".* FROM "comments" WHERE "comments"."post_id" = ?[0m  [["post_id", 8]]
  ↳ app/views/posts/show.html.erb:7
  Rendered posts/show.html.erb within layouts/application (Duration: 49.8ms | Allocations: 8703)
  Rendered layout layouts/application.html.erb (Duration: 50.8ms | Allocations: 8767)
Completed 500 Internal Server Error in 90ms (ActiveRecord: 4.4ms | Allocations: 14351)


  
ActionView::Template::Error (undefined method `comment' for #<Post:0x000000000d14bc90>
Did you mean?  comments
               comments=):
     8:   <li>
     9:     <%= comment.body %>
    10:     <%= link_to '[x]',
    11:     post_comment_path(@post.comment),
    12:     method: :delete,
    13:     class: 'command',
    14:     data: {confirm: 'Sure?'} %>
  
app/views/posts/show.html.erb:11
app/views/posts/show.html.erb:7
Started GET "/posts/8" for ::1 at 2021-01-22 11:41:35 +0900
Processing by PostsController#show as HTML
  Parameters: {"id"=>"8"}
  [1m[35m (0.1ms)[0m  [1m[34mSELECT sqlite_version(*)[0m
  ↳ app/controllers/posts_controller.rb:7:in `show'
  [1m[36mPost Load (0.6ms)[0m  [1m[34mSELECT "posts".* FROM "posts" WHERE "posts"."id" = ? LIMIT ?[0m  [["id", 8], ["LIMIT", 1]]
  ↳ app/controllers/posts_controller.rb:7:in `show'
  Rendering layout layouts/application.html.erb
  Rendering posts/show.html.erb within layouts/application
  [1m[36mComment Exists? (0.8ms)[0m  [1m[34mSELECT 1 AS one FROM "comments" WHERE "comments"."post_id" = ? LIMIT ?[0m  [["post_id", 8], ["LIMIT", 1]]
  ↳ app/views/posts/show.html.erb:5
  [1m[36mComment Load (0.4ms)[0m  [1m[34mSELECT "comments".* FROM "comments" WHERE "comments"."post_id" = ?[0m  [["post_id", 8]]
  ↳ app/views/posts/show.html.erb:7
  Rendered posts/show.html.erb within layouts/application (Duration: 44.0ms | Allocations: 6375)
[Webpacker] Everything's up-to-date. Nothing to do
  Rendered layout layouts/application.html.erb (Duration: 86.3ms | Allocations: 11249)
Completed 200 OK in 130ms (Views: 102.4ms | ActiveRecord: 4.6ms | Allocations: 16877)


Started GET "/posts/8" for ::1 at 2021-01-22 11:42:24 +0900
Processing by PostsController#show as HTML
  Parameters: {"id"=>"8"}
  [1m[35m (0.2ms)[0m  [1m[34mSELECT sqlite_version(*)[0m
  ↳ app/controllers/posts_controller.rb:7:in `show'
  [1m[36mPost Load (0.3ms)[0m  [1m[34mSELECT "posts".* FROM "posts" WHERE "posts"."id" = ? LIMIT ?[0m  [["id", 8], ["LIMIT", 1]]
  ↳ app/controllers/posts_controller.rb:7:in `show'
  Rendering layout layouts/application.html.erb
  Rendering posts/show.html.erb within layouts/application
  [1m[36mComment Exists? (0.2ms)[0m  [1m[34mSELECT 1 AS one FROM "comments" WHERE "comments"."post_id" = ? LIMIT ?[0m  [["post_id", 8], ["LIMIT", 1]]
  ↳ app/views/posts/show.html.erb:5
  [1m[36mComment Load (0.6ms)[0m  [1m[34mSELECT "comments".* FROM "comments" WHERE "comments"."post_id" = ?[0m  [["post_id", 8]]
  ↳ app/views/posts/show.html.erb:7
  Rendered posts/show.html.erb within layouts/application (Duration: 33.6ms | Allocations: 6080)
[Webpacker] Everything's up-to-date. Nothing to do
  Rendered layout layouts/application.html.erb (Duration: 80.7ms | Allocations: 10750)
Completed 200 OK in 120ms (Views: 83.2ms | ActiveRecord: 6.5ms | Allocations: 15786)


Started GET "/posts/8" for ::1 at 2021-01-22 11:42:28 +0900
Processing by PostsController#show as HTML
  Parameters: {"id"=>"8"}
  [1m[36mPost Load (0.3ms)[0m  [1m[34mSELECT "posts".* FROM "posts" WHERE "posts"."id" = ? LIMIT ?[0m  [["id", 8], ["LIMIT", 1]]
  ↳ app/controllers/posts_controller.rb:7:in `show'
  Rendering layout layouts/application.html.erb
  Rendering posts/show.html.erb within layouts/application
  [1m[36mComment Exists? (0.4ms)[0m  [1m[34mSELECT 1 AS one FROM "comments" WHERE "comments"."post_id" = ? LIMIT ?[0m  [["post_id", 8], ["LIMIT", 1]]
  ↳ app/views/posts/show.html.erb:5
  [1m[36mComment Load (0.4ms)[0m  [1m[34mSELECT "comments".* FROM "comments" WHERE "comments"."post_id" = ?[0m  [["post_id", 8]]
  ↳ app/views/posts/show.html.erb:7
  Rendered posts/show.html.erb within layouts/application (Duration: 17.9ms | Allocations: 2151)
[Webpacker] Everything's up-to-date. Nothing to do
  Rendered layout layouts/application.html.erb (Duration: 66.6ms | Allocations: 6916)
Completed 200 OK in 84ms (Views: 68.8ms | ActiveRecord: 1.1ms | Allocations: 7829)


Started GET "/posts/8" for ::1 at 2021-01-22 11:42:29 +0900
Processing by PostsController#show as HTML
  Parameters: {"id"=>"8"}
  [1m[36mPost Load (0.2ms)[0m  [1m[34mSELECT "posts".* FROM "posts" WHERE "posts"."id" = ? LIMIT ?[0m  [["id", 8], ["LIMIT", 1]]
  ↳ app/controllers/posts_controller.rb:7:in `show'
  Rendering layout layouts/application.html.erb
  Rendering posts/show.html.erb within layouts/application
  [1m[36mComment Exists? (0.7ms)[0m  [1m[34mSELECT 1 AS one FROM "comments" WHERE "comments"."post_id" = ? LIMIT ?[0m  [["post_id", 8], ["LIMIT", 1]]
  ↳ app/views/posts/show.html.erb:5
  [1m[36mComment Load (0.3ms)[0m  [1m[34mSELECT "comments".* FROM "comments" WHERE "comments"."post_id" = ?[0m  [["post_id", 8]]
  ↳ app/views/posts/show.html.erb:7
  Rendered posts/show.html.erb within layouts/application (Duration: 28.0ms | Allocations: 2151)
[Webpacker] Everything's up-to-date. Nothing to do
  Rendered layout layouts/application.html.erb (Duration: 85.9ms | Allocations: 6918)
Completed 200 OK in 110ms (Views: 86.8ms | ActiveRecord: 1.2ms | Allocations: 7831)


Started GET "/posts" for ::1 at 2021-01-22 11:42:33 +0900
Processing by PostsController#index as HTML
  Rendering layout layouts/application.html.erb
  Rendering posts/index.html.erb within layouts/application
  [1m[36mPost Load (0.4ms)[0m  [1m[34mSELECT "posts".* FROM "posts" ORDER BY "posts"."created_at" DESC[0m
  ↳ app/views/posts/index.html.erb:6
  Rendered posts/index.html.erb within layouts/application (Duration: 11.7ms | Allocations: 1508)
[Webpacker] Everything's up-to-date. Nothing to do
  Rendered layout layouts/application.html.erb (Duration: 56.7ms | Allocations: 6282)
Completed 200 OK in 64ms (Views: 61.4ms | ActiveRecord: 0.4ms | Allocations: 6821)


Started GET "/posts/8" for ::1 at 2021-01-22 11:42:37 +0900
Processing by PostsController#show as HTML
  Parameters: {"id"=>"8"}
  [1m[36mPost Load (0.2ms)[0m  [1m[34mSELECT "posts".* FROM "posts" WHERE "posts"."id" = ? LIMIT ?[0m  [["id", 8], ["LIMIT", 1]]
  ↳ app/controllers/posts_controller.rb:7:in `show'
  Rendering layout layouts/application.html.erb
  Rendering posts/show.html.erb within layouts/application
  [1m[36mComment Exists? (0.3ms)[0m  [1m[34mSELECT 1 AS one FROM "comments" WHERE "comments"."post_id" = ? LIMIT ?[0m  [["post_id", 8], ["LIMIT", 1]]
  ↳ app/views/posts/show.html.erb:5
  [1m[36mComment Load (0.3ms)[0m  [1m[34mSELECT "comments".* FROM "comments" WHERE "comments"."post_id" = ?[0m  [["post_id", 8]]
  ↳ app/views/posts/show.html.erb:7
  Rendered posts/show.html.erb within layouts/application (Duration: 17.1ms | Allocations: 2154)
[Webpacker] Everything's up-to-date. Nothing to do
  Rendered layout layouts/application.html.erb (Duration: 64.0ms | Allocations: 6925)
Completed 200 OK in 77ms (Views: 66.9ms | ActiveRecord: 0.9ms | Allocations: 7842)


Started DELETE "/posts/8" for ::1 at 2021-01-22 11:42:44 +0900
Processing by PostsController#destroy as HTML
  Parameters: {"authenticity_token"=>"[FILTERED]", "id"=>"8"}
  [1m[36mPost Load (0.2ms)[0m  [1m[34mSELECT "posts".* FROM "posts" WHERE "posts"."id" = ? LIMIT ?[0m  [["id", 8], ["LIMIT", 1]]
  ↳ app/controllers/posts_controller.rb:37:in `destroy'
  [1m[36mTRANSACTION (0.2ms)[0m  [1m[36mbegin transaction[0m
  ↳ app/controllers/posts_controller.rb:38:in `destroy'
  [1m[36mComment Load (0.3ms)[0m  [1m[34mSELECT "comments".* FROM "comments" WHERE "comments"."post_id" = ?[0m  [["post_id", 8]]
  ↳ app/controllers/posts_controller.rb:38:in `destroy'
  [1m[36mComment Destroy (7.2ms)[0m  [1m[31mDELETE FROM "comments" WHERE "comments"."id" = ?[0m  [["id", 1]]
  ↳ app/controllers/posts_controller.rb:38:in `destroy'
  [1m[36mComment Destroy (0.2ms)[0m  [1m[31mDELETE FROM "comments" WHERE "comments"."id" = ?[0m  [["id", 2]]
  ↳ app/controllers/posts_controller.rb:38:in `destroy'
  [1m[36mPost Destroy (0.3ms)[0m  [1m[31mDELETE FROM "posts" WHERE "posts"."id" = ?[0m  [["id", 8]]
  ↳ app/controllers/posts_controller.rb:38:in `destroy'
  [1m[36mTRANSACTION (4.9ms)[0m  [1m[36mcommit transaction[0m
  ↳ app/controllers/posts_controller.rb:38:in `destroy'
Redirected to http://localhost:3000/posts
Completed 302 Found in 68ms (ActiveRecord: 13.2ms | Allocations: 5134)


Started GET "/posts" for ::1 at 2021-01-22 11:42:45 +0900
Processing by PostsController#index as HTML
  Rendering layout layouts/application.html.erb
  Rendering posts/index.html.erb within layouts/application
  [1m[36mPost Load (0.4ms)[0m  [1m[34mSELECT "posts".* FROM "posts" ORDER BY "posts"."created_at" DESC[0m
  ↳ app/views/posts/index.html.erb:6
  Rendered posts/index.html.erb within layouts/application (Duration: 6.0ms | Allocations: 1175)
[Webpacker] Everything's up-to-date. Nothing to do
  Rendered layout layouts/application.html.erb (Duration: 54.9ms | Allocations: 5941)
Completed 200 OK in 58ms (Views: 56.6ms | ActiveRecord: 0.4ms | Allocations: 6354)


