Started GET "/" for ::1 at 2021-02-14 23:23:39 +0900
  [1m[35m (6.1ms)[0m  [1m[34mSELECT sqlite_version(*)[0m
Processing by Rails::WelcomeController#index as HTML
  Rendering C:/Ruby27-x64/lib/ruby/gems/2.7.0/gems/railties-6.1.2.1/lib/rails/templates/rails/welcome/index.html.erb
  Rendered C:/Ruby27-x64/lib/ruby/gems/2.7.0/gems/railties-6.1.2.1/lib/rails/templates/rails/welcome/index.html.erb (Duration: 13.6ms | Allocations: 466)
Completed 200 OK in 76ms (Views: 32.1ms | ActiveRecord: 0.0ms | Allocations: 3845)


Started GET "/hello" for ::1 at 2021-02-14 23:48:45 +0900
  [1m[35m (0.8ms)[0m  [1m[34mSELECT sqlite_version(*)[0m
Processing by HelloController#index as HTML
  Rendering layout layouts/application.html.erb
  Rendering hello/index.html.erb within layouts/application
  Rendered hello/index.html.erb within layouts/application (Duration: 1.0ms | Allocations: 223)
[Webpacker] Compiling...
[Webpacker] Compiled all packs in C:/Users/User/portfolio/RailsApp/public/packs
[Webpacker] Hash: ce14c115e350524bb5a9
Version: webpack 4.46.0
Time: 3367ms
Built at: 2021/02/14 23:48:53
                                     Asset       Size       Chunks                         Chunk Names
    js/application-b43fa54005da8e229d8c.js    125 KiB  application  [emitted] [immutable]  application
js/application-b43fa54005da8e229d8c.js.map    139 KiB  application  [emitted] [dev]        application
                             manifest.json  364 bytes               [emitted]              
Entrypoint application = js/application-b43fa54005da8e229d8c.js js/application-b43fa54005da8e229d8c.js.map
[./app/javascript/channels sync recursive _channel\.js$] ./app/javascript/channels sync _channel\.js$ 160 bytes {application} [built]
[./app/javascript/channels/index.js] 211 bytes {application} [built]
[./app/javascript/packs/application.js] 492 bytes {application} [built]
[./node_modules/webpack/buildin/module.js] (webpack)/buildin/module.js 552 bytes {application} [built]
    + 3 hidden modules

  Rendered layout layouts/application.html.erb (Duration: 7590.3ms | Allocations: 19558)
Completed 200 OK in 7611ms (Views: 7599.2ms | ActiveRecord: 0.0ms | Allocations: 22131)


