Started GET "/" for ::1 at 2021-01-21 10:37:46 +0900
  [1m[35m (7.6ms)[0m  [1m[34mSELECT sqlite_version(*)[0m
Processing by Rails::WelcomeController#index as HTML
  Rendering C:/Ruby27-x64/lib/ruby/gems/2.7.0/gems/railties-6.1.1/lib/rails/templates/rails/welcome/index.html.erb
  Rendered C:/Ruby27-x64/lib/ruby/gems/2.7.0/gems/railties-6.1.1/lib/rails/templates/rails/welcome/index.html.erb (Duration: 21.8ms | Allocations: 466)
Completed 200 OK in 163ms (Views: 66.0ms | ActiveRecord: 0.0ms | Allocations: 3844)


  [1m[35m (0.8ms)[0m  [1m[34mSELECT sqlite_version(*)[0m
  [1m[35m (5.9ms)[0m  [1m[35mCREATE TABLE "schema_migrations" ("version" varchar NOT NULL PRIMARY KEY)[0m
  [1m[35m (6.8ms)[0m  [1m[35mCREATE TABLE "ar_internal_metadata" ("key" varchar NOT NULL PRIMARY KEY, "value" varchar, "created_at" datetime(6) NOT NULL, "updated_at" datetime(6) NOT NULL)[0m
  [1m[35m (0.3ms)[0m  [1m[34mSELECT "schema_migrations"."version" FROM "schema_migrations" ORDER BY "schema_migrations"."version" ASC[0m
Migrating to CreateMemos (20210121014020)
  [1m[36mTRANSACTION (0.1ms)[0m  [1m[36mbegin transaction[0m
  [1m[35m (1.7ms)[0m  [1m[35mCREATE TABLE "memos" ("id" integer PRIMARY KEY AUTOINCREMENT NOT NULL, "title" varchar, "body" text, "created_at" datetime(6) NOT NULL, "updated_at" datetime(6) NOT NULL)[0m
  [1m[36mActiveRecord::SchemaMigration Create (0.3ms)[0m  [1m[32mINSERT INTO "schema_migrations" ("version") VALUES (?)[0m  [["version", "20210121014020"]]
  [1m[36mTRANSACTION (3.3ms)[0m  [1m[36mcommit transaction[0m
  [1m[36mActiveRecord::InternalMetadata Load (0.4ms)[0m  [1m[34mSELECT "ar_internal_metadata".* FROM "ar_internal_metadata" WHERE "ar_internal_metadata"."key" = ? LIMIT ?[0m  [["key", "environment"], ["LIMIT", 1]]
  [1m[36mTRANSACTION (0.1ms)[0m  [1m[36mbegin transaction[0m
  [1m[36mActiveRecord::InternalMetadata Create (3.8ms)[0m  [1m[32mINSERT INTO "ar_internal_metadata" ("key", "value", "created_at", "updated_at") VALUES (?, ?, ?, ?)[0m  [["key", "environment"], ["value", "development"], ["created_at", "2021-01-21 01:40:32.022454"], ["updated_at", "2021-01-21 01:40:32.022454"]]
  [1m[36mTRANSACTION (3.6ms)[0m  [1m[36mcommit transaction[0m
  [1m[35m (0.1ms)[0m  [1m[34mSELECT sqlite_version(*)[0m
  [1m[35m (0.4ms)[0m  [1m[34mSELECT "schema_migrations"."version" FROM "schema_migrations" ORDER BY "schema_migrations"."version" ASC[0m
Started GET "/memos" for ::1 at 2021-01-21 10:41:07 +0900
  [1m[35m (0.8ms)[0m  [1m[34mSELECT sqlite_version(*)[0m
  [1m[35m (0.6ms)[0m  [1m[34mSELECT "schema_migrations"."version" FROM "schema_migrations" ORDER BY "schema_migrations"."version" ASC[0m
Processing by MemosController#index as HTML
  Rendering layout layouts/application.html.erb
  Rendering memos/index.html.erb within layouts/application
  [1m[36mMemo Load (0.3ms)[0m  [1m[34mSELECT "memos".* FROM "memos"[0m
  ↳ app/views/memos/index.html.erb:15
  Rendered memos/index.html.erb within layouts/application (Duration: 4.8ms | Allocations: 1130)
[Webpacker] Compiling...
[Webpacker] Compiled all packs in C:/Users/User/portfolio/myapp/public/packs
[Webpacker] Hash: 415a948d492e21802f43
Version: webpack 4.46.0
Time: 4327ms
Built at: 2021-01-21 10:41:17
                                     Asset       Size       Chunks                         Chunk Names
    js/application-d5a3c3b4dce84b5eb605.js    125 KiB  application  [emitted] [immutable]  application
js/application-d5a3c3b4dce84b5eb605.js.map    139 KiB  application  [emitted] [dev]        application
                             manifest.json  364 bytes               [emitted]              
Entrypoint application = js/application-d5a3c3b4dce84b5eb605.js js/application-d5a3c3b4dce84b5eb605.js.map
[./app/javascript/channels sync recursive _channel\.js$] ./app/javascript/channels sync _channel\.js$ 160 bytes {application} [built]
[./app/javascript/channels/index.js] 211 bytes {application} [built]
[./app/javascript/packs/application.js] 492 bytes {application} [built]
[./node_modules/webpack/buildin/module.js] (webpack)/buildin/module.js 552 bytes {application} [built]
    + 3 hidden modules

  Rendered layout layouts/application.html.erb (Duration: 9305.6ms | Allocations: 24098)
Completed 200 OK in 9354ms (Views: 9319.6ms | ActiveRecord: 0.3ms | Allocations: 27030)


Started GET "/memos/new" for ::1 at 2021-01-21 10:41:19 +0900
Processing by MemosController#new as HTML
  Rendering layout layouts/application.html.erb
  Rendering memos/new.html.erb within layouts/application
  Rendered memos/_form.html.erb (Duration: 109.4ms | Allocations: 4505)
  Rendered memos/new.html.erb within layouts/application (Duration: 143.8ms | Allocations: 4850)
[Webpacker] Everything's up-to-date. Nothing to do
  Rendered layout layouts/application.html.erb (Duration: 202.8ms | Allocations: 8971)
Completed 200 OK in 223ms (Views: 205.7ms | ActiveRecord: 1.5ms | Allocations: 12441)


Started POST "/memos" for ::1 at 2021-01-21 10:41:27 +0900
Processing by MemosController#create as HTML
  Parameters: {"authenticity_token"=>"[FILTERED]", "memo"=>{"title"=>"a", "body"=>"hello"}, "commit"=>"Create Memo"}
  [1m[36mTRANSACTION (0.3ms)[0m  [1m[36mbegin transaction[0m
  ↳ app/controllers/memos_controller.rb:30:in `block in create'
  [1m[36mMemo Create (2.5ms)[0m  [1m[32mINSERT INTO "memos" ("title", "body", "created_at", "updated_at") VALUES (?, ?, ?, ?)[0m  [["title", "a"], ["body", "hello"], ["created_at", "2021-01-21 01:41:27.722333"], ["updated_at", "2021-01-21 01:41:27.722333"]]
  ↳ app/controllers/memos_controller.rb:30:in `block in create'
  [1m[36mTRANSACTION (4.9ms)[0m  [1m[36mcommit transaction[0m
  ↳ app/controllers/memos_controller.rb:30:in `block in create'
Redirected to http://localhost:3000/memos/1
Completed 302 Found in 202ms (ActiveRecord: 7.8ms | Allocations: 2712)


Started GET "/memos/1" for ::1 at 2021-01-21 10:41:27 +0900
Processing by MemosController#show as HTML
  Parameters: {"id"=>"1"}
  [1m[36mMemo Load (0.6ms)[0m  [1m[34mSELECT "memos".* FROM "memos" WHERE "memos"."id" = ? LIMIT ?[0m  [["id", 1], ["LIMIT", 1]]
  ↳ app/controllers/memos_controller.rb:67:in `set_memo'
  Rendering layout layouts/application.html.erb
  Rendering memos/show.html.erb within layouts/application
  Rendered memos/show.html.erb within layouts/application (Duration: 9.3ms | Allocations: 269)
[Webpacker] Everything's up-to-date. Nothing to do
  Rendered layout layouts/application.html.erb (Duration: 96.7ms | Allocations: 4393)
Completed 200 OK in 157ms (Views: 123.1ms | ActiveRecord: 0.6ms | Allocations: 5874)


Started GET "/memos" for ::1 at 2021-01-21 10:41:30 +0900
Processing by MemosController#index as HTML
  Rendering layout layouts/application.html.erb
  Rendering memos/index.html.erb within layouts/application
  [1m[36mMemo Load (0.3ms)[0m  [1m[34mSELECT "memos".* FROM "memos"[0m
  ↳ app/views/memos/index.html.erb:15
  Rendered memos/index.html.erb within layouts/application (Duration: 27.3ms | Allocations: 825)
[Webpacker] Everything's up-to-date. Nothing to do
  Rendered layout layouts/application.html.erb (Duration: 83.7ms | Allocations: 4947)
Completed 200 OK in 85ms (Views: 84.4ms | ActiveRecord: 0.3ms | Allocations: 5351)


